[0.124s] Invoking command in '/home/hibiki/Robomech/Robo-MECS_exercise/001_robot_system/015_ros/omni_simulation/build/simulation_env': CMAKE_PREFIX_PATH=/opt/ros/humble /usr/bin/cmake /home/hibiki/Robomech/Robo-MECS_exercise/001_robot_system/015_ros/omni_simulation/src/simulation_env -DCMAKE_INSTALL_PREFIX=/home/hibiki/Robomech/Robo-MECS_exercise/001_robot_system/015_ros/omni_simulation/install/simulation_env
[0.163s] -- Found ament_cmake: 1.3.11 (/opt/ros/humble/share/ament_cmake/cmake)
[0.376s] -- Found rclcpp: 16.0.11 (/opt/ros/humble/share/rclcpp/cmake)
[0.552s] -- Found rosidl_generator_c: 3.1.6 (/opt/ros/humble/share/rosidl_generator_c/cmake)
[0.573s] -- Found rosidl_adapter: 3.1.6 (/opt/ros/humble/share/rosidl_adapter/cmake)
[0.595s] -- Found rosidl_generator_cpp: 3.1.6 (/opt/ros/humble/share/rosidl_generator_cpp/cmake)
[0.626s] -- Using all available rosidl_typesupport_c: rosidl_typesupport_fastrtps_c;rosidl_typesupport_introspection_c
[0.657s] -- Using all available rosidl_typesupport_cpp: rosidl_typesupport_fastrtps_cpp;rosidl_typesupport_introspection_cpp
[0.754s] -- Found rmw_implementation_cmake: 6.1.2 (/opt/ros/humble/share/rmw_implementation_cmake/cmake)
[0.758s] -- Found rmw_fastrtps_cpp: 6.2.7 (/opt/ros/humble/share/rmw_fastrtps_cpp/cmake)
[0.858s] -- Found OpenSSL: /usr/lib/x86_64-linux-gnu/libcrypto.so (found version "3.0.2")  
[0.887s] -- Found FastRTPS: /opt/ros/humble/include  
[0.924s] -- Using RMW implementation 'rmw_fastrtps_cpp' as default
[0.938s] -- Performing Test CMAKE_HAVE_LIBC_PTHREAD
[1.008s] -- Performing Test CMAKE_HAVE_LIBC_PTHREAD - Success
[1.009s] -- Found Threads: TRUE  
[1.135s] -- Configuring done
[1.142s] -- Generating done
[1.143s] -- Build files have been written to: /home/hibiki/Robomech/Robo-MECS_exercise/001_robot_system/015_ros/omni_simulation/build/simulation_env
[1.149s] Invoked command in '/home/hibiki/Robomech/Robo-MECS_exercise/001_robot_system/015_ros/omni_simulation/build/simulation_env' returned '0': CMAKE_PREFIX_PATH=/opt/ros/humble /usr/bin/cmake /home/hibiki/Robomech/Robo-MECS_exercise/001_robot_system/015_ros/omni_simulation/src/simulation_env -DCMAKE_INSTALL_PREFIX=/home/hibiki/Robomech/Robo-MECS_exercise/001_robot_system/015_ros/omni_simulation/install/simulation_env
[1.150s] Invoking command in '/home/hibiki/Robomech/Robo-MECS_exercise/001_robot_system/015_ros/omni_simulation/build/simulation_env': CMAKE_PREFIX_PATH=/opt/ros/humble /usr/bin/cmake --build /home/hibiki/Robomech/Robo-MECS_exercise/001_robot_system/015_ros/omni_simulation/build/simulation_env -- -j16 -l16
[1.169s] [ 50%] [32mBuilding CXX object CMakeFiles/robot_executor.dir/src/robot_executor.cpp.o[0m
[7.546s] [100%] [32m[1mLinking CXX executable robot_executor[0m
[7.958s] [100%] Built target robot_executor
[7.963s] Invoked command in '/home/hibiki/Robomech/Robo-MECS_exercise/001_robot_system/015_ros/omni_simulation/build/simulation_env' returned '0': CMAKE_PREFIX_PATH=/opt/ros/humble /usr/bin/cmake --build /home/hibiki/Robomech/Robo-MECS_exercise/001_robot_system/015_ros/omni_simulation/build/simulation_env -- -j16 -l16
[7.983s] Invoking command in '/home/hibiki/Robomech/Robo-MECS_exercise/001_robot_system/015_ros/omni_simulation/build/simulation_env': CMAKE_PREFIX_PATH=/opt/ros/humble /usr/bin/cmake --install /home/hibiki/Robomech/Robo-MECS_exercise/001_robot_system/015_ros/omni_simulation/build/simulation_env
[7.987s] -- Install configuration: ""
[7.987s] -- Installing: /home/hibiki/Robomech/Robo-MECS_exercise/001_robot_system/015_ros/omni_simulation/install/simulation_env/lib/simulation_env/robot_executor
[7.990s] -- Set runtime path of "/home/hibiki/Robomech/Robo-MECS_exercise/001_robot_system/015_ros/omni_simulation/install/simulation_env/lib/simulation_env/robot_executor" to ""
[7.991s] -- Installing: /home/hibiki/Robomech/Robo-MECS_exercise/001_robot_system/015_ros/omni_simulation/install/simulation_env/share/simulation_env/config
[7.991s] -- Installing: /home/hibiki/Robomech/Robo-MECS_exercise/001_robot_system/015_ros/omni_simulation/install/simulation_env/share/simulation_env/config/orca_controllers.yaml
[7.992s] -- Installing: /home/hibiki/Robomech/Robo-MECS_exercise/001_robot_system/015_ros/omni_simulation/install/simulation_env/share/simulation_env/launch
[7.992s] -- Installing: /home/hibiki/Robomech/Robo-MECS_exercise/001_robot_system/015_ros/omni_simulation/install/simulation_env/share/simulation_env/launch/view_robot.launch.py
[7.992s] -- Installing: /home/hibiki/Robomech/Robo-MECS_exercise/001_robot_system/015_ros/omni_simulation/install/simulation_env/share/simulation_env/launch/setup.launch.py
[7.992s] -- Installing: /home/hibiki/Robomech/Robo-MECS_exercise/001_robot_system/015_ros/omni_simulation/install/simulation_env/share/simulation_env/launch/robot_spawner.launch.py
[7.993s] -- Installing: /home/hibiki/Robomech/Robo-MECS_exercise/001_robot_system/015_ros/omni_simulation/install/simulation_env/share/simulation_env/model
[7.993s] -- Installing: /home/hibiki/Robomech/Robo-MECS_exercise/001_robot_system/015_ros/omni_simulation/install/simulation_env/share/simulation_env/model/base_flame.stl
[7.993s] -- Installing: /home/hibiki/Robomech/Robo-MECS_exercise/001_robot_system/015_ros/omni_simulation/install/simulation_env/share/simulation_env/model/base_cover.dae
[8.266s] -- Installing: /home/hibiki/Robomech/Robo-MECS_exercise/001_robot_system/015_ros/omni_simulation/install/simulation_env/share/simulation_env/model/orca_01_marker.dae
[8.267s] -- Installing: /home/hibiki/Robomech/Robo-MECS_exercise/001_robot_system/015_ros/omni_simulation/install/simulation_env/share/simulation_env/model/barrel.stl
[8.268s] -- Installing: /home/hibiki/Robomech/Robo-MECS_exercise/001_robot_system/015_ros/omni_simulation/install/simulation_env/share/simulation_env/model/wheel_base.dae
[8.277s] -- Installing: /home/hibiki/Robomech/Robo-MECS_exercise/001_robot_system/015_ros/omni_simulation/install/simulation_env/share/simulation_env/model/orca_02_marker.dae
[8.278s] -- Installing: /home/hibiki/Robomech/Robo-MECS_exercise/001_robot_system/015_ros/omni_simulation/install/simulation_env/share/simulation_env/model/base_cover.stl
[8.278s] -- Installing: /home/hibiki/Robomech/Robo-MECS_exercise/001_robot_system/015_ros/omni_simulation/install/simulation_env/share/simulation_env/model/cam.dae
[8.289s] -- Installing: /home/hibiki/Robomech/Robo-MECS_exercise/001_robot_system/015_ros/omni_simulation/install/simulation_env/share/simulation_env/model/wheel_base.stl
[8.291s] -- Installing: /home/hibiki/Robomech/Robo-MECS_exercise/001_robot_system/015_ros/omni_simulation/install/simulation_env/share/simulation_env/model/orca_00_marker.dae
[8.292s] -- Installing: /home/hibiki/Robomech/Robo-MECS_exercise/001_robot_system/015_ros/omni_simulation/install/simulation_env/share/simulation_env/urdf
[8.292s] -- Installing: /home/hibiki/Robomech/Robo-MECS_exercise/001_robot_system/015_ros/omni_simulation/install/simulation_env/share/simulation_env/urdf/controller
[8.292s] -- Installing: /home/hibiki/Robomech/Robo-MECS_exercise/001_robot_system/015_ros/omni_simulation/install/simulation_env/share/simulation_env/urdf/controller/servo_controller.xacro
[8.292s] -- Installing: /home/hibiki/Robomech/Robo-MECS_exercise/001_robot_system/015_ros/omni_simulation/install/simulation_env/share/simulation_env/urdf/controller/state_publisher.xacro
[8.293s] -- Installing: /home/hibiki/Robomech/Robo-MECS_exercise/001_robot_system/015_ros/omni_simulation/install/simulation_env/share/simulation_env/urdf/controller/wheel_controller.xacro
[8.293s] -- Installing: /home/hibiki/Robomech/Robo-MECS_exercise/001_robot_system/015_ros/omni_simulation/install/simulation_env/share/simulation_env/urdf/ORCA_urdf.xacro
[8.293s] -- Installing: /home/hibiki/Robomech/Robo-MECS_exercise/001_robot_system/015_ros/omni_simulation/install/simulation_env/share/simulation_env/urdf/sensor
[8.294s] -- Installing: /home/hibiki/Robomech/Robo-MECS_exercise/001_robot_system/015_ros/omni_simulation/install/simulation_env/share/simulation_env/urdf/sensor/camera.xacro
[8.294s] -- Installing: /home/hibiki/Robomech/Robo-MECS_exercise/001_robot_system/015_ros/omni_simulation/install/simulation_env/share/simulation_env/urdf/sensor/odom.xacro
[8.294s] -- Installing: /home/hibiki/Robomech/Robo-MECS_exercise/001_robot_system/015_ros/omni_simulation/install/simulation_env/share/simulation_env/urdf/sensor/imu.xacro
[8.295s] -- Installing: /home/hibiki/Robomech/Robo-MECS_exercise/001_robot_system/015_ros/omni_simulation/install/simulation_env/share/simulation_env/urdf/body
[8.295s] -- Installing: /home/hibiki/Robomech/Robo-MECS_exercise/001_robot_system/015_ros/omni_simulation/install/simulation_env/share/simulation_env/urdf/body/omni_macro.xacro
[8.295s] -- Installing: /home/hibiki/Robomech/Robo-MECS_exercise/001_robot_system/015_ros/omni_simulation/install/simulation_env/share/simulation_env/urdf/body/body_macro.xacro
[8.296s] -- Installing: /home/hibiki/Robomech/Robo-MECS_exercise/001_robot_system/015_ros/omni_simulation/install/simulation_env/share/simulation_env/urdf/body/arm.xacro
[8.296s] -- Installing: /home/hibiki/Robomech/Robo-MECS_exercise/001_robot_system/015_ros/omni_simulation/install/simulation_env/share/simulation_env/urdf/body/shape_macro.xacro
[8.297s] -- Installing: /home/hibiki/Robomech/Robo-MECS_exercise/001_robot_system/015_ros/omni_simulation/install/simulation_env/share/simulation_env/urdf/body/marker_macro.xacro
[8.297s] -- Installing: /home/hibiki/Robomech/Robo-MECS_exercise/001_robot_system/015_ros/omni_simulation/install/simulation_env/share/simulation_env/rviz
[8.297s] -- Installing: /home/hibiki/Robomech/Robo-MECS_exercise/001_robot_system/015_ros/omni_simulation/install/simulation_env/share/simulation_env/rviz/view_robot.rviz
[8.298s] -- Installing: /home/hibiki/Robomech/Robo-MECS_exercise/001_robot_system/015_ros/omni_simulation/install/simulation_env/share/simulation_env/worlds
[8.298s] -- Installing: /home/hibiki/Robomech/Robo-MECS_exercise/001_robot_system/015_ros/omni_simulation/install/simulation_env/share/simulation_env/worlds/rescon.world
[8.298s] -- Installing: /home/hibiki/Robomech/Robo-MECS_exercise/001_robot_system/015_ros/omni_simulation/install/simulation_env/share/simulation_env/worlds/world_config
[8.298s] -- Installing: /home/hibiki/Robomech/Robo-MECS_exercise/001_robot_system/015_ros/omni_simulation/install/simulation_env/share/simulation_env/worlds/world_config/world.dae
[8.299s] -- Installing: /home/hibiki/Robomech/Robo-MECS_exercise/001_robot_system/015_ros/omni_simulation/install/simulation_env/share/simulation_env/worlds/world_config/world.stl
[8.300s] -- Installing: /home/hibiki/Robomech/Robo-MECS_exercise/001_robot_system/015_ros/omni_simulation/install/simulation_env/share/simulation_env/worlds/world_config/model.config
[8.301s] -- Installing: /home/hibiki/Robomech/Robo-MECS_exercise/001_robot_system/015_ros/omni_simulation/install/simulation_env/share/simulation_env/worlds/world_config/wall.dae
[8.302s] -- Installing: /home/hibiki/Robomech/Robo-MECS_exercise/001_robot_system/015_ros/omni_simulation/install/simulation_env/share/simulation_env/worlds/world_config/world.sdf
[8.303s] -- Installing: /home/hibiki/Robomech/Robo-MECS_exercise/001_robot_system/015_ros/omni_simulation/install/simulation_env/share/ament_index/resource_index/package_run_dependencies/simulation_env
[8.303s] -- Installing: /home/hibiki/Robomech/Robo-MECS_exercise/001_robot_system/015_ros/omni_simulation/install/simulation_env/share/ament_index/resource_index/parent_prefix_path/simulation_env
[8.303s] -- Installing: /home/hibiki/Robomech/Robo-MECS_exercise/001_robot_system/015_ros/omni_simulation/install/simulation_env/share/simulation_env/environment/ament_prefix_path.sh
[8.303s] -- Installing: /home/hibiki/Robomech/Robo-MECS_exercise/001_robot_system/015_ros/omni_simulation/install/simulation_env/share/simulation_env/environment/ament_prefix_path.dsv
[8.304s] -- Installing: /home/hibiki/Robomech/Robo-MECS_exercise/001_robot_system/015_ros/omni_simulation/install/simulation_env/share/simulation_env/environment/path.sh
[8.304s] -- Installing: /home/hibiki/Robomech/Robo-MECS_exercise/001_robot_system/015_ros/omni_simulation/install/simulation_env/share/simulation_env/environment/path.dsv
[8.304s] -- Installing: /home/hibiki/Robomech/Robo-MECS_exercise/001_robot_system/015_ros/omni_simulation/install/simulation_env/share/simulation_env/local_setup.bash
[8.304s] -- Installing: /home/hibiki/Robomech/Robo-MECS_exercise/001_robot_system/015_ros/omni_simulation/install/simulation_env/share/simulation_env/local_setup.sh
[8.304s] -- Installing: /home/hibiki/Robomech/Robo-MECS_exercise/001_robot_system/015_ros/omni_simulation/install/simulation_env/share/simulation_env/local_setup.zsh
[8.304s] -- Installing: /home/hibiki/Robomech/Robo-MECS_exercise/001_robot_system/015_ros/omni_simulation/install/simulation_env/share/simulation_env/local_setup.dsv
[8.304s] -- Installing: /home/hibiki/Robomech/Robo-MECS_exercise/001_robot_system/015_ros/omni_simulation/install/simulation_env/share/simulation_env/package.dsv
[8.305s] -- Installing: /home/hibiki/Robomech/Robo-MECS_exercise/001_robot_system/015_ros/omni_simulation/install/simulation_env/share/ament_index/resource_index/packages/simulation_env
[8.305s] -- Installing: /home/hibiki/Robomech/Robo-MECS_exercise/001_robot_system/015_ros/omni_simulation/install/simulation_env/share/simulation_env/cmake/simulation_envConfig.cmake
[8.305s] -- Installing: /home/hibiki/Robomech/Robo-MECS_exercise/001_robot_system/015_ros/omni_simulation/install/simulation_env/share/simulation_env/cmake/simulation_envConfig-version.cmake
[8.305s] -- Installing: /home/hibiki/Robomech/Robo-MECS_exercise/001_robot_system/015_ros/omni_simulation/install/simulation_env/share/simulation_env/package.xml
[8.308s] Invoked command in '/home/hibiki/Robomech/Robo-MECS_exercise/001_robot_system/015_ros/omni_simulation/build/simulation_env' returned '0': CMAKE_PREFIX_PATH=/opt/ros/humble /usr/bin/cmake --install /home/hibiki/Robomech/Robo-MECS_exercise/001_robot_system/015_ros/omni_simulation/build/simulation_env
