[0.021s] Invoking command in '/home/hibiki/Robomech/Robo-MECS_exercise/001_robot_system/015_ros/omni_simulation/build/simulation_env': CMAKE_PREFIX_PATH=/opt/ros/humble /usr/bin/cmake /home/hibiki/Robomech/Robo-MECS_exercise/001_robot_system/015_ros/omni_simulation/src/simulation_env -DCMAKE_INSTALL_PREFIX=/home/hibiki/Robomech/Robo-MECS_exercise/001_robot_system/015_ros/omni_simulation/install/simulation_env
[0.117s] -- The C compiler identification is GNU 11.4.0
[0.312s] -- The CXX compiler identification is GNU 11.4.0
[0.334s] -- Detecting C compiler ABI info
[0.427s] -- Detecting C compiler ABI info - done
[0.437s] -- Check for working C compiler: /usr/bin/cc - skipped
[0.439s] -- Detecting C compile features
[0.440s] -- Detecting C compile features - done
[0.445s] -- Detecting CXX compiler ABI info
[0.544s] -- Detecting CXX compiler ABI info - done
[0.554s] -- Check for working CXX compiler: /usr/bin/c++ - skipped
[0.554s] -- Detecting CXX compile features
[0.555s] -- Detecting CXX compile features - done
[0.567s] -- Found ament_cmake: 1.3.11 (/opt/ros/humble/share/ament_cmake/cmake)
[0.857s] -- Found Python3: /home/hibiki/.espressif/python_env/idf5.4_py3.10_env/bin/python3 (found version "3.10.12") found components: Interpreter 
[0.985s] [31mCMake Error at CMakeLists.txt:10 (find_package):
[0.985s]   By not providing "Findrcocpp.cmake" in CMAKE_MODULE_PATH this project has
[0.985s]   asked CMake to find a package configuration file provided by "rcocpp", but
[0.986s]   CMake did not find one.
[0.986s] 
[0.986s]   Could not find a package configuration file provided by "rcocpp" with any
[0.986s]   of the following names:
[0.986s] 
[0.986s]     rcocppConfig.cmake
[0.986s]     rcocpp-config.cmake
[0.986s] 
[0.986s]   Add the installation prefix of "rcocpp" to CMAKE_PREFIX_PATH or set
[0.986s]   "rcocpp_DIR" to a directory containing one of the above files.  If "rcocpp"
[0.987s]   provides a separate development package or SDK, be sure it has been
[0.987s]   installed.
[0.987s] 
[0.987s] [0m
[0.987s] -- Configuring incomplete, errors occurred!
[0.987s] See also "/home/hibiki/Robomech/Robo-MECS_exercise/001_robot_system/015_ros/omni_simulation/build/simulation_env/CMakeFiles/CMakeOutput.log".
[0.990s] Invoked command in '/home/hibiki/Robomech/Robo-MECS_exercise/001_robot_system/015_ros/omni_simulation/build/simulation_env' returned '1': CMAKE_PREFIX_PATH=/opt/ros/humble /usr/bin/cmake /home/hibiki/Robomech/Robo-MECS_exercise/001_robot_system/015_ros/omni_simulation/src/simulation_env -DCMAKE_INSTALL_PREFIX=/home/hibiki/Robomech/Robo-MECS_exercise/001_robot_system/015_ros/omni_simulation/install/simulation_env
