[0.009s] Invoking command in '/home/hibiki/Robomech/Robo-MECS_exercise/001_robot_system/015_ros/omni_simulation/build/experiments': CMAKE_PREFIX_PATH=/opt/ros/humble /usr/bin/cmake --build /home/hibiki/Robomech/Robo-MECS_exercise/001_robot_system/015_ros/omni_simulation/build/experiments -- -j16 -l16
[0.034s] [ 50%] [32mBuilding CXX object CMakeFiles/exp1.dir/src/exp1.cpp.o[0m
[4.516s] [100%] [32m[1mLinking CXX executable exp1[0m
[4.756s] [100%] Built target exp1
[4.761s] Invoked command in '/home/hibiki/Robomech/Robo-MECS_exercise/001_robot_system/015_ros/omni_simulation/build/experiments' returned '0': CMAKE_PREFIX_PATH=/opt/ros/humble /usr/bin/cmake --build /home/hibiki/Robomech/Robo-MECS_exercise/001_robot_system/015_ros/omni_simulation/build/experiments -- -j16 -l16
[4.777s] Invoking command in '/home/hibiki/Robomech/Robo-MECS_exercise/001_robot_system/015_ros/omni_simulation/build/experiments': CMAKE_PREFIX_PATH=/opt/ros/humble /usr/bin/cmake --install /home/hibiki/Robomech/Robo-MECS_exercise/001_robot_system/015_ros/omni_simulation/build/experiments
[4.780s] -- Install configuration: ""
[4.780s] -- Installing: /home/hibiki/Robomech/Robo-MECS_exercise/001_robot_system/015_ros/omni_simulation/install/experiments/lib/experiments/exp1
[4.783s] -- Set runtime path of "/home/hibiki/Robomech/Robo-MECS_exercise/001_robot_system/015_ros/omni_simulation/install/experiments/lib/experiments/exp1" to ""
[4.783s] -- Installing: /home/hibiki/Robomech/Robo-MECS_exercise/001_robot_system/015_ros/omni_simulation/install/experiments/share/experiments/launch
[4.783s] -- Installing: /home/hibiki/Robomech/Robo-MECS_exercise/001_robot_system/015_ros/omni_simulation/install/experiments/share/experiments/launch/exp1.launch.py
[4.783s] -- Installing: /home/hibiki/Robomech/Robo-MECS_exercise/001_robot_system/015_ros/omni_simulation/install/experiments/share/ament_index/resource_index/package_run_dependencies/experiments
[4.783s] -- Installing: /home/hibiki/Robomech/Robo-MECS_exercise/001_robot_system/015_ros/omni_simulation/install/experiments/share/ament_index/resource_index/parent_prefix_path/experiments
[4.783s] -- Installing: /home/hibiki/Robomech/Robo-MECS_exercise/001_robot_system/015_ros/omni_simulation/install/experiments/share/experiments/environment/ament_prefix_path.sh
[4.783s] -- Installing: /home/hibiki/Robomech/Robo-MECS_exercise/001_robot_system/015_ros/omni_simulation/install/experiments/share/experiments/environment/ament_prefix_path.dsv
[4.783s] -- Installing: /home/hibiki/Robomech/Robo-MECS_exercise/001_robot_system/015_ros/omni_simulation/install/experiments/share/experiments/environment/path.sh
[4.783s] -- Installing: /home/hibiki/Robomech/Robo-MECS_exercise/001_robot_system/015_ros/omni_simulation/install/experiments/share/experiments/environment/path.dsv
[4.783s] -- Installing: /home/hibiki/Robomech/Robo-MECS_exercise/001_robot_system/015_ros/omni_simulation/install/experiments/share/experiments/local_setup.bash
[4.783s] -- Installing: /home/hibiki/Robomech/Robo-MECS_exercise/001_robot_system/015_ros/omni_simulation/install/experiments/share/experiments/local_setup.sh
[4.783s] -- Installing: /home/hibiki/Robomech/Robo-MECS_exercise/001_robot_system/015_ros/omni_simulation/install/experiments/share/experiments/local_setup.zsh
[4.783s] -- Installing: /home/hibiki/Robomech/Robo-MECS_exercise/001_robot_system/015_ros/omni_simulation/install/experiments/share/experiments/local_setup.dsv
[4.783s] -- Installing: /home/hibiki/Robomech/Robo-MECS_exercise/001_robot_system/015_ros/omni_simulation/install/experiments/share/experiments/package.dsv
[4.783s] -- Installing: /home/hibiki/Robomech/Robo-MECS_exercise/001_robot_system/015_ros/omni_simulation/install/experiments/share/ament_index/resource_index/packages/experiments
[4.783s] -- Installing: /home/hibiki/Robomech/Robo-MECS_exercise/001_robot_system/015_ros/omni_simulation/install/experiments/share/experiments/cmake/experimentsConfig.cmake
[4.783s] -- Installing: /home/hibiki/Robomech/Robo-MECS_exercise/001_robot_system/015_ros/omni_simulation/install/experiments/share/experiments/cmake/experimentsConfig-version.cmake
[4.783s] -- Installing: /home/hibiki/Robomech/Robo-MECS_exercise/001_robot_system/015_ros/omni_simulation/install/experiments/share/experiments/package.xml
[4.784s] Invoked command in '/home/hibiki/Robomech/Robo-MECS_exercise/001_robot_system/015_ros/omni_simulation/build/experiments' returned '0': CMAKE_PREFIX_PATH=/opt/ros/humble /usr/bin/cmake --install /home/hibiki/Robomech/Robo-MECS_exercise/001_robot_system/015_ros/omni_simulation/build/experiments
