[ 50%] [32mBuilding CXX object CMakeFiles/robot_executor.dir/src/robot_executor.cpp.o[0m
[100%] [32m[1mLinking CXX executable robot_executor[0m
[100%] Built target robot_executor
-- Install configuration: ""
-- Installing: /home/hibiki/Robomech/Robo-MECS_exercise/001_robot_system/015_ros/omni_simulation/install/simulation_env/lib/simulation_env/robot_executor
-- Set runtime path of "/home/hibiki/Robomech/Robo-MECS_exercise/001_robot_system/015_ros/omni_simulation/install/simulation_env/lib/simulation_env/robot_executor" to ""
-- Up-to-date: /home/hibiki/Robomech/Robo-MECS_exercise/001_robot_system/015_ros/omni_simulation/install/simulation_env/share/simulation_env/config
-- Installing: /home/hibiki/Robomech/Robo-MECS_exercise/001_robot_system/015_ros/omni_simulation/install/simulation_env/share/simulation_env/config/orca_controllers.yaml
-- Up-to-date: /home/hibiki/Robomech/Robo-MECS_exercise/001_robot_system/015_ros/omni_simulation/install/simulation_env/share/simulation_env/launch
-- Installing: /home/hibiki/Robomech/Robo-MECS_exercise/001_robot_system/015_ros/omni_simulation/install/simulation_env/share/simulation_env/launch/view_robot.launch.py
-- Installing: /home/hibiki/Robomech/Robo-MECS_exercise/001_robot_system/015_ros/omni_simulation/install/simulation_env/share/simulation_env/launch/setup.launch.py
-- Installing: /home/hibiki/Robomech/Robo-MECS_exercise/001_robot_system/015_ros/omni_simulation/install/simulation_env/share/simulation_env/launch/robot_spawner.launch.py
-- Up-to-date: /home/hibiki/Robomech/Robo-MECS_exercise/001_robot_system/015_ros/omni_simulation/install/simulation_env/share/simulation_env/model
-- Installing: /home/hibiki/Robomech/Robo-MECS_exercise/001_robot_system/015_ros/omni_simulation/install/simulation_env/share/simulation_env/model/base_flame.stl
-- Installing: /home/hibiki/Robomech/Robo-MECS_exercise/001_robot_system/015_ros/omni_simulation/install/simulation_env/share/simulation_env/model/base_cover.dae
-- Installing: /home/hibiki/Robomech/Robo-MECS_exercise/001_robot_system/015_ros/omni_simulation/install/simulation_env/share/simulation_env/model/orca_01_marker.dae
-- Installing: /home/hibiki/Robomech/Robo-MECS_exercise/001_robot_system/015_ros/omni_simulation/install/simulation_env/share/simulation_env/model/barrel.stl
-- Installing: /home/hibiki/Robomech/Robo-MECS_exercise/001_robot_system/015_ros/omni_simulation/install/simulation_env/share/simulation_env/model/wheel_base.dae
-- Installing: /home/hibiki/Robomech/Robo-MECS_exercise/001_robot_system/015_ros/omni_simulation/install/simulation_env/share/simulation_env/model/orca_02_marker.dae
-- Installing: /home/hibiki/Robomech/Robo-MECS_exercise/001_robot_system/015_ros/omni_simulation/install/simulation_env/share/simulation_env/model/base_cover.stl
-- Installing: /home/hibiki/Robomech/Robo-MECS_exercise/001_robot_system/015_ros/omni_simulation/install/simulation_env/share/simulation_env/model/cam.dae
-- Installing: /home/hibiki/Robomech/Robo-MECS_exercise/001_robot_system/015_ros/omni_simulation/install/simulation_env/share/simulation_env/model/wheel_base.stl
-- Installing: /home/hibiki/Robomech/Robo-MECS_exercise/001_robot_system/015_ros/omni_simulation/install/simulation_env/share/simulation_env/model/orca_00_marker.dae
-- Up-to-date: /home/hibiki/Robomech/Robo-MECS_exercise/001_robot_system/015_ros/omni_simulation/install/simulation_env/share/simulation_env/urdf
-- Up-to-date: /home/hibiki/Robomech/Robo-MECS_exercise/001_robot_system/015_ros/omni_simulation/install/simulation_env/share/simulation_env/urdf/controller
-- Installing: /home/hibiki/Robomech/Robo-MECS_exercise/001_robot_system/015_ros/omni_simulation/install/simulation_env/share/simulation_env/urdf/controller/servo_controller.xacro
-- Installing: /home/hibiki/Robomech/Robo-MECS_exercise/001_robot_system/015_ros/omni_simulation/install/simulation_env/share/simulation_env/urdf/controller/state_publisher.xacro
-- Installing: /home/hibiki/Robomech/Robo-MECS_exercise/001_robot_system/015_ros/omni_simulation/install/simulation_env/share/simulation_env/urdf/controller/wheel_controller.xacro
-- Installing: /home/hibiki/Robomech/Robo-MECS_exercise/001_robot_system/015_ros/omni_simulation/install/simulation_env/share/simulation_env/urdf/ORCA_urdf.xacro
-- Up-to-date: /home/hibiki/Robomech/Robo-MECS_exercise/001_robot_system/015_ros/omni_simulation/install/simulation_env/share/simulation_env/urdf/sensor
-- Installing: /home/hibiki/Robomech/Robo-MECS_exercise/001_robot_system/015_ros/omni_simulation/install/simulation_env/share/simulation_env/urdf/sensor/camera.xacro
-- Installing: /home/hibiki/Robomech/Robo-MECS_exercise/001_robot_system/015_ros/omni_simulation/install/simulation_env/share/simulation_env/urdf/sensor/odom.xacro
-- Installing: /home/hibiki/Robomech/Robo-MECS_exercise/001_robot_system/015_ros/omni_simulation/install/simulation_env/share/simulation_env/urdf/sensor/imu.xacro
-- Up-to-date: /home/hibiki/Robomech/Robo-MECS_exercise/001_robot_system/015_ros/omni_simulation/install/simulation_env/share/simulation_env/urdf/body
-- Installing: /home/hibiki/Robomech/Robo-MECS_exercise/001_robot_system/015_ros/omni_simulation/install/simulation_env/share/simulation_env/urdf/body/omni_macro.xacro
-- Installing: /home/hibiki/Robomech/Robo-MECS_exercise/001_robot_system/015_ros/omni_simulation/install/simulation_env/share/simulation_env/urdf/body/body_macro.xacro
-- Installing: /home/hibiki/Robomech/Robo-MECS_exercise/001_robot_system/015_ros/omni_simulation/install/simulation_env/share/simulation_env/urdf/body/arm.xacro
-- Installing: /home/hibiki/Robomech/Robo-MECS_exercise/001_robot_system/015_ros/omni_simulation/install/simulation_env/share/simulation_env/urdf/body/shape_macro.xacro
-- Installing: /home/hibiki/Robomech/Robo-MECS_exercise/001_robot_system/015_ros/omni_simulation/install/simulation_env/share/simulation_env/urdf/body/marker_macro.xacro
-- Up-to-date: /home/hibiki/Robomech/Robo-MECS_exercise/001_robot_system/015_ros/omni_simulation/install/simulation_env/share/simulation_env/rviz
-- Installing: /home/hibiki/Robomech/Robo-MECS_exercise/001_robot_system/015_ros/omni_simulation/install/simulation_env/share/simulation_env/rviz/view_robot.rviz
-- Up-to-date: /home/hibiki/Robomech/Robo-MECS_exercise/001_robot_system/015_ros/omni_simulation/install/simulation_env/share/simulation_env/worlds
-- Installing: /home/hibiki/Robomech/Robo-MECS_exercise/001_robot_system/015_ros/omni_simulation/install/simulation_env/share/simulation_env/worlds/rescon.world
-- Up-to-date: /home/hibiki/Robomech/Robo-MECS_exercise/001_robot_system/015_ros/omni_simulation/install/simulation_env/share/simulation_env/worlds/world_config
-- Installing: /home/hibiki/Robomech/Robo-MECS_exercise/001_robot_system/015_ros/omni_simulation/install/simulation_env/share/simulation_env/worlds/world_config/world.dae
-- Installing: /home/hibiki/Robomech/Robo-MECS_exercise/001_robot_system/015_ros/omni_simulation/install/simulation_env/share/simulation_env/worlds/world_config/world.stl
-- Installing: /home/hibiki/Robomech/Robo-MECS_exercise/001_robot_system/015_ros/omni_simulation/install/simulation_env/share/simulation_env/worlds/world_config/model.config
-- Installing: /home/hibiki/Robomech/Robo-MECS_exercise/001_robot_system/015_ros/omni_simulation/install/simulation_env/share/simulation_env/worlds/world_config/wall.dae
-- Installing: /home/hibiki/Robomech/Robo-MECS_exercise/001_robot_system/015_ros/omni_simulation/install/simulation_env/share/simulation_env/worlds/world_config/world.sdf
-- Up-to-date: /home/hibiki/Robomech/Robo-MECS_exercise/001_robot_system/015_ros/omni_simulation/install/simulation_env/share/ament_index/resource_index/package_run_dependencies/simulation_env
-- Installing: /home/hibiki/Robomech/Robo-MECS_exercise/001_robot_system/015_ros/omni_simulation/install/simulation_env/share/ament_index/resource_index/parent_prefix_path/simulation_env
-- Up-to-date: /home/hibiki/Robomech/Robo-MECS_exercise/001_robot_system/015_ros/omni_simulation/install/simulation_env/share/simulation_env/environment/ament_prefix_path.sh
-- Installing: /home/hibiki/Robomech/Robo-MECS_exercise/001_robot_system/015_ros/omni_simulation/install/simulation_env/share/simulation_env/environment/ament_prefix_path.dsv
-- Up-to-date: /home/hibiki/Robomech/Robo-MECS_exercise/001_robot_system/015_ros/omni_simulation/install/simulation_env/share/simulation_env/environment/path.sh
-- Installing: /home/hibiki/Robomech/Robo-MECS_exercise/001_robot_system/015_ros/omni_simulation/install/simulation_env/share/simulation_env/environment/path.dsv
-- Up-to-date: /home/hibiki/Robomech/Robo-MECS_exercise/001_robot_system/015_ros/omni_simulation/install/simulation_env/share/simulation_env/local_setup.bash
-- Up-to-date: /home/hibiki/Robomech/Robo-MECS_exercise/001_robot_system/015_ros/omni_simulation/install/simulation_env/share/simulation_env/local_setup.sh
-- Up-to-date: /home/hibiki/Robomech/Robo-MECS_exercise/001_robot_system/015_ros/omni_simulation/install/simulation_env/share/simulation_env/local_setup.zsh
-- Installing: /home/hibiki/Robomech/Robo-MECS_exercise/001_robot_system/015_ros/omni_simulation/install/simulation_env/share/simulation_env/local_setup.dsv
-- Up-to-date: /home/hibiki/Robomech/Robo-MECS_exercise/001_robot_system/015_ros/omni_simulation/install/simulation_env/share/simulation_env/package.dsv
-- Up-to-date: /home/hibiki/Robomech/Robo-MECS_exercise/001_robot_system/015_ros/omni_simulation/install/simulation_env/share/ament_index/resource_index/packages/simulation_env
-- Up-to-date: /home/hibiki/Robomech/Robo-MECS_exercise/001_robot_system/015_ros/omni_simulation/install/simulation_env/share/simulation_env/cmake/simulation_envConfig.cmake
-- Up-to-date: /home/hibiki/Robomech/Robo-MECS_exercise/001_robot_system/015_ros/omni_simulation/install/simulation_env/share/simulation_env/cmake/simulation_envConfig-version.cmake
-- Installing: /home/hibiki/Robomech/Robo-MECS_exercise/001_robot_system/015_ros/omni_simulation/install/simulation_env/share/simulation_env/package.xml
