[0.009s] Invoking command in '/home/hibiki/Robomech/Robo-MECS_exercise/001_robot_system/015_ros/omni_simulation/build/simulation_env': CMAKE_PREFIX_PATH=${CMAKE_PREFIX_PATH}:/home/hibiki/Robomech/Robo-MECS_exercise/001_robot_system/015_ros/omni_simulation/install/keyboard_joy:/opt/ros/humble /usr/bin/cmake --build /home/hibiki/Robomech/Robo-MECS_exercise/001_robot_system/015_ros/omni_simulation/build/simulation_env -- -j16 -l16
[0.033s] [ 50%] [32mBuilding CXX object CMakeFiles/robot_executor.dir/src/robot_executor.cpp.o[0m
[6.125s] [100%] [32m[1mLinking CXX executable robot_executor[0m
[6.408s] [100%] Built target robot_executor
[6.412s] Invoked command in '/home/hibiki/Robomech/Robo-MECS_exercise/001_robot_system/015_ros/omni_simulation/build/simulation_env' returned '0': CMAKE_PREFIX_PATH=${CMAKE_PREFIX_PATH}:/home/hibiki/Robomech/Robo-MECS_exercise/001_robot_system/015_ros/omni_simulation/install/keyboard_joy:/opt/ros/humble /usr/bin/cmake --build /home/hibiki/Robomech/Robo-MECS_exercise/001_robot_system/015_ros/omni_simulation/build/simulation_env -- -j16 -l16
[6.428s] Invoking command in '/home/hibiki/Robomech/Robo-MECS_exercise/001_robot_system/015_ros/omni_simulation/build/simulation_env': CMAKE_PREFIX_PATH=${CMAKE_PREFIX_PATH}:/home/hibiki/Robomech/Robo-MECS_exercise/001_robot_system/015_ros/omni_simulation/install/keyboard_joy:/opt/ros/humble /usr/bin/cmake --install /home/hibiki/Robomech/Robo-MECS_exercise/001_robot_system/015_ros/omni_simulation/build/simulation_env
[6.430s] -- Install configuration: ""
[6.430s] -- Installing: /home/hibiki/Robomech/Robo-MECS_exercise/001_robot_system/015_ros/omni_simulation/install/simulation_env/lib/simulation_env/robot_executor
[6.436s] -- Set runtime path of "/home/hibiki/Robomech/Robo-MECS_exercise/001_robot_system/015_ros/omni_simulation/install/simulation_env/lib/simulation_env/robot_executor" to ""
[6.436s] -- Up-to-date: /home/hibiki/Robomech/Robo-MECS_exercise/001_robot_system/015_ros/omni_simulation/install/simulation_env/share/simulation_env/config
[6.436s] -- Installing: /home/hibiki/Robomech/Robo-MECS_exercise/001_robot_system/015_ros/omni_simulation/install/simulation_env/share/simulation_env/config/orca_controllers.yaml
[6.436s] -- Up-to-date: /home/hibiki/Robomech/Robo-MECS_exercise/001_robot_system/015_ros/omni_simulation/install/simulation_env/share/simulation_env/launch
[6.436s] -- Installing: /home/hibiki/Robomech/Robo-MECS_exercise/001_robot_system/015_ros/omni_simulation/install/simulation_env/share/simulation_env/launch/view_robot.launch.py
[6.436s] -- Installing: /home/hibiki/Robomech/Robo-MECS_exercise/001_robot_system/015_ros/omni_simulation/install/simulation_env/share/simulation_env/launch/setup.launch.py
[6.436s] -- Installing: /home/hibiki/Robomech/Robo-MECS_exercise/001_robot_system/015_ros/omni_simulation/install/simulation_env/share/simulation_env/launch/robot_spawner.launch.py
[6.436s] -- Up-to-date: /home/hibiki/Robomech/Robo-MECS_exercise/001_robot_system/015_ros/omni_simulation/install/simulation_env/share/simulation_env/model
[6.436s] -- Installing: /home/hibiki/Robomech/Robo-MECS_exercise/001_robot_system/015_ros/omni_simulation/install/simulation_env/share/simulation_env/model/base_flame.stl
[6.436s] -- Installing: /home/hibiki/Robomech/Robo-MECS_exercise/001_robot_system/015_ros/omni_simulation/install/simulation_env/share/simulation_env/model/base_cover.dae
[6.463s] -- Installing: /home/hibiki/Robomech/Robo-MECS_exercise/001_robot_system/015_ros/omni_simulation/install/simulation_env/share/simulation_env/model/orca_01_marker.dae
[6.463s] -- Installing: /home/hibiki/Robomech/Robo-MECS_exercise/001_robot_system/015_ros/omni_simulation/install/simulation_env/share/simulation_env/model/barrel.stl
[6.463s] -- Installing: /home/hibiki/Robomech/Robo-MECS_exercise/001_robot_system/015_ros/omni_simulation/install/simulation_env/share/simulation_env/model/wheel_base.dae
[6.464s] -- Installing: /home/hibiki/Robomech/Robo-MECS_exercise/001_robot_system/015_ros/omni_simulation/install/simulation_env/share/simulation_env/model/orca_02_marker.dae
[6.464s] -- Installing: /home/hibiki/Robomech/Robo-MECS_exercise/001_robot_system/015_ros/omni_simulation/install/simulation_env/share/simulation_env/model/base_cover.stl
[6.464s] -- Installing: /home/hibiki/Robomech/Robo-MECS_exercise/001_robot_system/015_ros/omni_simulation/install/simulation_env/share/simulation_env/model/cam.dae
[6.465s] -- Installing: /home/hibiki/Robomech/Robo-MECS_exercise/001_robot_system/015_ros/omni_simulation/install/simulation_env/share/simulation_env/model/wheel_base.stl
[6.465s] -- Installing: /home/hibiki/Robomech/Robo-MECS_exercise/001_robot_system/015_ros/omni_simulation/install/simulation_env/share/simulation_env/model/orca_00_marker.dae
[6.465s] -- Up-to-date: /home/hibiki/Robomech/Robo-MECS_exercise/001_robot_system/015_ros/omni_simulation/install/simulation_env/share/simulation_env/urdf
[6.465s] -- Up-to-date: /home/hibiki/Robomech/Robo-MECS_exercise/001_robot_system/015_ros/omni_simulation/install/simulation_env/share/simulation_env/urdf/controller
[6.465s] -- Installing: /home/hibiki/Robomech/Robo-MECS_exercise/001_robot_system/015_ros/omni_simulation/install/simulation_env/share/simulation_env/urdf/controller/servo_controller.xacro
[6.465s] -- Installing: /home/hibiki/Robomech/Robo-MECS_exercise/001_robot_system/015_ros/omni_simulation/install/simulation_env/share/simulation_env/urdf/controller/state_publisher.xacro
[6.465s] -- Installing: /home/hibiki/Robomech/Robo-MECS_exercise/001_robot_system/015_ros/omni_simulation/install/simulation_env/share/simulation_env/urdf/controller/wheel_controller.xacro
[6.465s] -- Installing: /home/hibiki/Robomech/Robo-MECS_exercise/001_robot_system/015_ros/omni_simulation/install/simulation_env/share/simulation_env/urdf/ORCA_urdf.xacro
[6.465s] -- Up-to-date: /home/hibiki/Robomech/Robo-MECS_exercise/001_robot_system/015_ros/omni_simulation/install/simulation_env/share/simulation_env/urdf/sensor
[6.465s] -- Installing: /home/hibiki/Robomech/Robo-MECS_exercise/001_robot_system/015_ros/omni_simulation/install/simulation_env/share/simulation_env/urdf/sensor/camera.xacro
[6.465s] -- Installing: /home/hibiki/Robomech/Robo-MECS_exercise/001_robot_system/015_ros/omni_simulation/install/simulation_env/share/simulation_env/urdf/sensor/odom.xacro
[6.465s] -- Installing: /home/hibiki/Robomech/Robo-MECS_exercise/001_robot_system/015_ros/omni_simulation/install/simulation_env/share/simulation_env/urdf/sensor/imu.xacro
[6.465s] -- Up-to-date: /home/hibiki/Robomech/Robo-MECS_exercise/001_robot_system/015_ros/omni_simulation/install/simulation_env/share/simulation_env/urdf/body
[6.465s] -- Installing: /home/hibiki/Robomech/Robo-MECS_exercise/001_robot_system/015_ros/omni_simulation/install/simulation_env/share/simulation_env/urdf/body/omni_macro.xacro
[6.465s] -- Installing: /home/hibiki/Robomech/Robo-MECS_exercise/001_robot_system/015_ros/omni_simulation/install/simulation_env/share/simulation_env/urdf/body/body_macro.xacro
[6.465s] -- Installing: /home/hibiki/Robomech/Robo-MECS_exercise/001_robot_system/015_ros/omni_simulation/install/simulation_env/share/simulation_env/urdf/body/arm.xacro
[6.465s] -- Installing: /home/hibiki/Robomech/Robo-MECS_exercise/001_robot_system/015_ros/omni_simulation/install/simulation_env/share/simulation_env/urdf/body/shape_macro.xacro
[6.465s] -- Installing: /home/hibiki/Robomech/Robo-MECS_exercise/001_robot_system/015_ros/omni_simulation/install/simulation_env/share/simulation_env/urdf/body/marker_macro.xacro
[6.465s] -- Up-to-date: /home/hibiki/Robomech/Robo-MECS_exercise/001_robot_system/015_ros/omni_simulation/install/simulation_env/share/simulation_env/rviz
[6.465s] -- Installing: /home/hibiki/Robomech/Robo-MECS_exercise/001_robot_system/015_ros/omni_simulation/install/simulation_env/share/simulation_env/rviz/view_robot.rviz
[6.466s] -- Up-to-date: /home/hibiki/Robomech/Robo-MECS_exercise/001_robot_system/015_ros/omni_simulation/install/simulation_env/share/simulation_env/worlds
[6.466s] -- Installing: /home/hibiki/Robomech/Robo-MECS_exercise/001_robot_system/015_ros/omni_simulation/install/simulation_env/share/simulation_env/worlds/rescon.world
[6.466s] -- Up-to-date: /home/hibiki/Robomech/Robo-MECS_exercise/001_robot_system/015_ros/omni_simulation/install/simulation_env/share/simulation_env/worlds/world_config
[6.466s] -- Installing: /home/hibiki/Robomech/Robo-MECS_exercise/001_robot_system/015_ros/omni_simulation/install/simulation_env/share/simulation_env/worlds/world_config/world.dae
[6.466s] -- Installing: /home/hibiki/Robomech/Robo-MECS_exercise/001_robot_system/015_ros/omni_simulation/install/simulation_env/share/simulation_env/worlds/world_config/world.stl
[6.466s] -- Installing: /home/hibiki/Robomech/Robo-MECS_exercise/001_robot_system/015_ros/omni_simulation/install/simulation_env/share/simulation_env/worlds/world_config/model.config
[6.466s] -- Installing: /home/hibiki/Robomech/Robo-MECS_exercise/001_robot_system/015_ros/omni_simulation/install/simulation_env/share/simulation_env/worlds/world_config/wall.dae
[6.466s] -- Installing: /home/hibiki/Robomech/Robo-MECS_exercise/001_robot_system/015_ros/omni_simulation/install/simulation_env/share/simulation_env/worlds/world_config/world.sdf
[6.466s] -- Up-to-date: /home/hibiki/Robomech/Robo-MECS_exercise/001_robot_system/015_ros/omni_simulation/install/simulation_env/share/ament_index/resource_index/package_run_dependencies/simulation_env
[6.466s] -- Installing: /home/hibiki/Robomech/Robo-MECS_exercise/001_robot_system/015_ros/omni_simulation/install/simulation_env/share/ament_index/resource_index/parent_prefix_path/simulation_env
[6.466s] -- Up-to-date: /home/hibiki/Robomech/Robo-MECS_exercise/001_robot_system/015_ros/omni_simulation/install/simulation_env/share/simulation_env/environment/ament_prefix_path.sh
[6.466s] -- Installing: /home/hibiki/Robomech/Robo-MECS_exercise/001_robot_system/015_ros/omni_simulation/install/simulation_env/share/simulation_env/environment/ament_prefix_path.dsv
[6.466s] -- Up-to-date: /home/hibiki/Robomech/Robo-MECS_exercise/001_robot_system/015_ros/omni_simulation/install/simulation_env/share/simulation_env/environment/path.sh
[6.466s] -- Installing: /home/hibiki/Robomech/Robo-MECS_exercise/001_robot_system/015_ros/omni_simulation/install/simulation_env/share/simulation_env/environment/path.dsv
[6.466s] -- Up-to-date: /home/hibiki/Robomech/Robo-MECS_exercise/001_robot_system/015_ros/omni_simulation/install/simulation_env/share/simulation_env/local_setup.bash
[6.466s] -- Up-to-date: /home/hibiki/Robomech/Robo-MECS_exercise/001_robot_system/015_ros/omni_simulation/install/simulation_env/share/simulation_env/local_setup.sh
[6.466s] -- Up-to-date: /home/hibiki/Robomech/Robo-MECS_exercise/001_robot_system/015_ros/omni_simulation/install/simulation_env/share/simulation_env/local_setup.zsh
[6.466s] -- Installing: /home/hibiki/Robomech/Robo-MECS_exercise/001_robot_system/015_ros/omni_simulation/install/simulation_env/share/simulation_env/local_setup.dsv
[6.466s] -- Up-to-date: /home/hibiki/Robomech/Robo-MECS_exercise/001_robot_system/015_ros/omni_simulation/install/simulation_env/share/simulation_env/package.dsv
[6.466s] -- Up-to-date: /home/hibiki/Robomech/Robo-MECS_exercise/001_robot_system/015_ros/omni_simulation/install/simulation_env/share/ament_index/resource_index/packages/simulation_env
[6.466s] -- Up-to-date: /home/hibiki/Robomech/Robo-MECS_exercise/001_robot_system/015_ros/omni_simulation/install/simulation_env/share/simulation_env/cmake/simulation_envConfig.cmake
[6.466s] -- Up-to-date: /home/hibiki/Robomech/Robo-MECS_exercise/001_robot_system/015_ros/omni_simulation/install/simulation_env/share/simulation_env/cmake/simulation_envConfig-version.cmake
[6.466s] -- Installing: /home/hibiki/Robomech/Robo-MECS_exercise/001_robot_system/015_ros/omni_simulation/install/simulation_env/share/simulation_env/package.xml
[6.468s] Invoked command in '/home/hibiki/Robomech/Robo-MECS_exercise/001_robot_system/015_ros/omni_simulation/build/simulation_env' returned '0': CMAKE_PREFIX_PATH=${CMAKE_PREFIX_PATH}:/home/hibiki/Robomech/Robo-MECS_exercise/001_robot_system/015_ros/omni_simulation/install/keyboard_joy:/opt/ros/humble /usr/bin/cmake --install /home/hibiki/Robomech/Robo-MECS_exercise/001_robot_system/015_ros/omni_simulation/build/simulation_env
