running egg_info
creating ../build/keyboard_joy/keyboard_joy.egg-info
writing ../build/keyboard_joy/keyboard_joy.egg-info/PKG-INFO
writing dependency_links to ../build/keyboard_joy/keyboard_joy.egg-info/dependency_links.txt
writing entry points to ../build/keyboard_joy/keyboard_joy.egg-info/entry_points.txt
writing requirements to ../build/keyboard_joy/keyboard_joy.egg-info/requires.txt
writing top-level names to ../build/keyboard_joy/keyboard_joy.egg-info/top_level.txt
writing manifest file '../build/keyboard_joy/keyboard_joy.egg-info/SOURCES.txt'
reading manifest file '../build/keyboard_joy/keyboard_joy.egg-info/SOURCES.txt'
writing manifest file '../build/keyboard_joy/keyboard_joy.egg-info/SOURCES.txt'
running build
running build_py
creating /home/hibiki/Robomech/Robo-MECS_exercise/001_robot_system/015_ros/omni_simulation/src/build/keyboard_joy/build/lib/keyboard_joy
copying keyboard_joy/__init__.py -> /home/hibiki/Robomech/Robo-MECS_exercise/001_robot_system/015_ros/omni_simulation/src/build/keyboard_joy/build/lib/keyboard_joy
copying keyboard_joy/joy_node.py -> /home/hibiki/Robomech/Robo-MECS_exercise/001_robot_system/015_ros/omni_simulation/src/build/keyboard_joy/build/lib/keyboard_joy
running install
running install_lib
creating /home/hibiki/Robomech/Robo-MECS_exercise/001_robot_system/015_ros/omni_simulation/src/install/keyboard_joy/lib/python3.10/site-packages/keyboard_joy
copying /home/hibiki/Robomech/Robo-MECS_exercise/001_robot_system/015_ros/omni_simulation/src/build/keyboard_joy/build/lib/keyboard_joy/__init__.py -> /home/hibiki/Robomech/Robo-MECS_exercise/001_robot_system/015_ros/omni_simulation/src/install/keyboard_joy/lib/python3.10/site-packages/keyboard_joy
copying /home/hibiki/Robomech/Robo-MECS_exercise/001_robot_system/015_ros/omni_simulation/src/build/keyboard_joy/build/lib/keyboard_joy/joy_node.py -> /home/hibiki/Robomech/Robo-MECS_exercise/001_robot_system/015_ros/omni_simulation/src/install/keyboard_joy/lib/python3.10/site-packages/keyboard_joy
byte-compiling /home/hibiki/Robomech/Robo-MECS_exercise/001_robot_system/015_ros/omni_simulation/src/install/keyboard_joy/lib/python3.10/site-packages/keyboard_joy/__init__.py to __init__.cpython-310.pyc
byte-compiling /home/hibiki/Robomech/Robo-MECS_exercise/001_robot_system/015_ros/omni_simulation/src/install/keyboard_joy/lib/python3.10/site-packages/keyboard_joy/joy_node.py to joy_node.cpython-310.pyc
running install_data
creating /home/hibiki/Robomech/Robo-MECS_exercise/001_robot_system/015_ros/omni_simulation/src/install/keyboard_joy/share/ament_index/resource_index/packages
copying resource/keyboard_joy -> /home/hibiki/Robomech/Robo-MECS_exercise/001_robot_system/015_ros/omni_simulation/src/install/keyboard_joy/share/ament_index/resource_index/packages
copying package.xml -> /home/hibiki/Robomech/Robo-MECS_exercise/001_robot_system/015_ros/omni_simulation/src/install/keyboard_joy/share/keyboard_joy
creating /home/hibiki/Robomech/Robo-MECS_exercise/001_robot_system/015_ros/omni_simulation/src/install/keyboard_joy/share/keyboard_joy/config
copying config/key_mappings.yaml -> /home/hibiki/Robomech/Robo-MECS_exercise/001_robot_system/015_ros/omni_simulation/src/install/keyboard_joy/share/keyboard_joy/config
creating /home/hibiki/Robomech/Robo-MECS_exercise/001_robot_system/015_ros/omni_simulation/src/install/keyboard_joy/share/keyboard_joy/launch
copying launch/keyboard_joy.launch.py -> /home/hibiki/Robomech/Robo-MECS_exercise/001_robot_system/015_ros/omni_simulation/src/install/keyboard_joy/share/keyboard_joy/launch
running install_egg_info
Copying ../build/keyboard_joy/keyboard_joy.egg-info to /home/hibiki/Robomech/Robo-MECS_exercise/001_robot_system/015_ros/omni_simulation/src/install/keyboard_joy/lib/python3.10/site-packages/keyboard_joy-0.0.1-py3.10.egg-info
running install_scripts
Installing joy_node script to /home/hibiki/Robomech/Robo-MECS_exercise/001_robot_system/015_ros/omni_simulation/src/install/keyboard_joy/lib/keyboard_joy
writing list of installed files to '/home/hibiki/Robomech/Robo-MECS_exercise/001_robot_system/015_ros/omni_simulation/src/build/keyboard_joy/install.log'
