[0.944s] Invoking command in '/home/hibiki/Robomech/Robo-MECS_exercise/001_robot_system/015_ros/omni_simulation/src/keyboard_joy': PYTHONPATH=/home/hibiki/Robomech/Robo-MECS_exercise/001_robot_system/015_ros/omni_simulation/src/build/keyboard_joy/prefix_override:/home/hibiki/Robomech/Robo-MECS_exercise/001_robot_system/015_ros/omni_simulation/src/install/keyboard_joy/lib/python3.10/site-packages:${PYTHONPATH} /home/hibiki/.espressif/python_env/idf5.4_py3.10_env/bin/python -W ignore:setup.py install is deprecated setup.py egg_info --egg-base ../build/keyboard_joy build --build-base /home/hibiki/Robomech/Robo-MECS_exercise/001_robot_system/015_ros/omni_simulation/src/build/keyboard_joy/build install --record /home/hibiki/Robomech/Robo-MECS_exercise/001_robot_system/015_ros/omni_simulation/src/build/keyboard_joy/install.log --single-version-externally-managed install_data
[1.143s] /home/hibiki/.espressif/python_env/idf5.4_py3.10_env/lib/python3.10/site-packages/setuptools/_distutils/dist.py:289: UserWarning: Unknown distribution option: 'tests_require'
[1.143s]   warnings.warn(msg)
[1.241s] running egg_info
[1.256s] creating ../build/keyboard_joy/keyboard_joy.egg-info
[1.257s] writing ../build/keyboard_joy/keyboard_joy.egg-info/PKG-INFO
[1.257s] writing dependency_links to ../build/keyboard_joy/keyboard_joy.egg-info/dependency_links.txt
[1.258s] writing entry points to ../build/keyboard_joy/keyboard_joy.egg-info/entry_points.txt
[1.258s] writing requirements to ../build/keyboard_joy/keyboard_joy.egg-info/requires.txt
[1.258s] writing top-level names to ../build/keyboard_joy/keyboard_joy.egg-info/top_level.txt
[1.258s] writing manifest file '../build/keyboard_joy/keyboard_joy.egg-info/SOURCES.txt'
[1.292s] reading manifest file '../build/keyboard_joy/keyboard_joy.egg-info/SOURCES.txt'
[1.294s] writing manifest file '../build/keyboard_joy/keyboard_joy.egg-info/SOURCES.txt'
[1.294s] running build
[1.294s] running build_py
[1.294s] creating /home/hibiki/Robomech/Robo-MECS_exercise/001_robot_system/015_ros/omni_simulation/src/build/keyboard_joy/build/lib/keyboard_joy
[1.295s] copying keyboard_joy/__init__.py -> /home/hibiki/Robomech/Robo-MECS_exercise/001_robot_system/015_ros/omni_simulation/src/build/keyboard_joy/build/lib/keyboard_joy
[1.295s] copying keyboard_joy/joy_node.py -> /home/hibiki/Robomech/Robo-MECS_exercise/001_robot_system/015_ros/omni_simulation/src/build/keyboard_joy/build/lib/keyboard_joy
[1.295s] running install
[1.302s] running install_lib
[1.323s] creating /home/hibiki/Robomech/Robo-MECS_exercise/001_robot_system/015_ros/omni_simulation/src/install/keyboard_joy/lib/python3.10/site-packages/keyboard_joy
[1.323s] copying /home/hibiki/Robomech/Robo-MECS_exercise/001_robot_system/015_ros/omni_simulation/src/build/keyboard_joy/build/lib/keyboard_joy/__init__.py -> /home/hibiki/Robomech/Robo-MECS_exercise/001_robot_system/015_ros/omni_simulation/src/install/keyboard_joy/lib/python3.10/site-packages/keyboard_joy
[1.323s] copying /home/hibiki/Robomech/Robo-MECS_exercise/001_robot_system/015_ros/omni_simulation/src/build/keyboard_joy/build/lib/keyboard_joy/joy_node.py -> /home/hibiki/Robomech/Robo-MECS_exercise/001_robot_system/015_ros/omni_simulation/src/install/keyboard_joy/lib/python3.10/site-packages/keyboard_joy
[1.325s] byte-compiling /home/hibiki/Robomech/Robo-MECS_exercise/001_robot_system/015_ros/omni_simulation/src/install/keyboard_joy/lib/python3.10/site-packages/keyboard_joy/__init__.py to __init__.cpython-310.pyc
[1.325s] byte-compiling /home/hibiki/Robomech/Robo-MECS_exercise/001_robot_system/015_ros/omni_simulation/src/install/keyboard_joy/lib/python3.10/site-packages/keyboard_joy/joy_node.py to joy_node.cpython-310.pyc
[1.327s] running install_data
[1.327s] creating /home/hibiki/Robomech/Robo-MECS_exercise/001_robot_system/015_ros/omni_simulation/src/install/keyboard_joy/share/ament_index/resource_index/packages
[1.327s] copying resource/keyboard_joy -> /home/hibiki/Robomech/Robo-MECS_exercise/001_robot_system/015_ros/omni_simulation/src/install/keyboard_joy/share/ament_index/resource_index/packages
[1.327s] copying package.xml -> /home/hibiki/Robomech/Robo-MECS_exercise/001_robot_system/015_ros/omni_simulation/src/install/keyboard_joy/share/keyboard_joy
[1.327s] creating /home/hibiki/Robomech/Robo-MECS_exercise/001_robot_system/015_ros/omni_simulation/src/install/keyboard_joy/share/keyboard_joy/config
[1.328s] copying config/key_mappings.yaml -> /home/hibiki/Robomech/Robo-MECS_exercise/001_robot_system/015_ros/omni_simulation/src/install/keyboard_joy/share/keyboard_joy/config
[1.328s] creating /home/hibiki/Robomech/Robo-MECS_exercise/001_robot_system/015_ros/omni_simulation/src/install/keyboard_joy/share/keyboard_joy/launch
[1.328s] copying launch/keyboard_joy.launch.py -> /home/hibiki/Robomech/Robo-MECS_exercise/001_robot_system/015_ros/omni_simulation/src/install/keyboard_joy/share/keyboard_joy/launch
[1.328s] running install_egg_info
[1.346s] Copying ../build/keyboard_joy/keyboard_joy.egg-info to /home/hibiki/Robomech/Robo-MECS_exercise/001_robot_system/015_ros/omni_simulation/src/install/keyboard_joy/lib/python3.10/site-packages/keyboard_joy-0.0.1-py3.10.egg-info
[1.347s] running install_scripts
[1.463s] Installing joy_node script to /home/hibiki/Robomech/Robo-MECS_exercise/001_robot_system/015_ros/omni_simulation/src/install/keyboard_joy/lib/keyboard_joy
[1.464s] writing list of installed files to '/home/hibiki/Robomech/Robo-MECS_exercise/001_robot_system/015_ros/omni_simulation/src/build/keyboard_joy/install.log'
[1.498s] Invoked command in '/home/hibiki/Robomech/Robo-MECS_exercise/001_robot_system/015_ros/omni_simulation/src/keyboard_joy' returned '0': PYTHONPATH=/home/hibiki/Robomech/Robo-MECS_exercise/001_robot_system/015_ros/omni_simulation/src/build/keyboard_joy/prefix_override:/home/hibiki/Robomech/Robo-MECS_exercise/001_robot_system/015_ros/omni_simulation/src/install/keyboard_joy/lib/python3.10/site-packages:${PYTHONPATH} /home/hibiki/.espressif/python_env/idf5.4_py3.10_env/bin/python -W ignore:setup.py install is deprecated setup.py egg_info --egg-base ../build/keyboard_joy build --build-base /home/hibiki/Robomech/Robo-MECS_exercise/001_robot_system/015_ros/omni_simulation/src/build/keyboard_joy/build install --record /home/hibiki/Robomech/Robo-MECS_exercise/001_robot_system/015_ros/omni_simulation/src/build/keyboard_joy/install.log --single-version-externally-managed install_data
