[0.254s] Invoking command in '/home/hibiki/Robomech/Robo-MECS_exercise/001_robot_system/015_ros/omni_simulation/src/build/omni_ctl': CMAKE_PREFIX_PATH=/opt/ros/humble /usr/bin/cmake /home/hibiki/Robomech/Robo-MECS_exercise/001_robot_system/015_ros/omni_simulation/src/omni_ctl -DCMAKE_INSTALL_PREFIX=/home/hibiki/Robomech/Robo-MECS_exercise/001_robot_system/015_ros/omni_simulation/src/install/omni_ctl
[0.350s] -- The C compiler identification is GNU 11.4.0
[0.464s] -- The CXX compiler identification is GNU 11.4.0
[0.484s] -- Detecting C compiler ABI info
[0.605s] -- Detecting C compiler ABI info - done
[0.616s] -- Check for working C compiler: /usr/bin/cc - skipped
[0.617s] -- Detecting C compile features
[0.618s] -- Detecting C compile features - done
[0.623s] -- Detecting CXX compiler ABI info
[0.735s] -- Detecting CXX compiler ABI info - done
[0.746s] -- Check for working CXX compiler: /usr/bin/c++ - skipped
[0.747s] -- Detecting CXX compile features
[0.747s] -- Detecting CXX compile features - done
[0.752s] -- Found ament_cmake: 1.3.11 (/opt/ros/humble/share/ament_cmake/cmake)
[1.232s] -- Found Python3: /home/hibiki/.espressif/python_env/idf5.4_py3.10_env/bin/python3 (found version "3.10.12") found components: Interpreter 
[1.374s] -- Found ament_lint_auto: 0.12.11 (/opt/ros/humble/share/ament_lint_auto/cmake)
[1.518s] -- Added test 'cppcheck' to perform static code analysis on C / C++ code
[1.518s] -- Configured cppcheck include dirs: 
[1.518s] -- Configured cppcheck exclude dirs and/or files: 
[1.521s] -- Added test 'lint_cmake' to check CMake code style
[1.525s] -- Added test 'uncrustify' to check C / C++ code style
[1.526s] -- Configured uncrustify additional arguments: 
[1.527s] -- Added test 'xmllint' to check XML markup files
[1.528s] -- Configuring done
[1.532s] -- Generating done
[1.534s] -- Build files have been written to: /home/hibiki/Robomech/Robo-MECS_exercise/001_robot_system/015_ros/omni_simulation/src/build/omni_ctl
[1.545s] Invoked command in '/home/hibiki/Robomech/Robo-MECS_exercise/001_robot_system/015_ros/omni_simulation/src/build/omni_ctl' returned '0': CMAKE_PREFIX_PATH=/opt/ros/humble /usr/bin/cmake /home/hibiki/Robomech/Robo-MECS_exercise/001_robot_system/015_ros/omni_simulation/src/omni_ctl -DCMAKE_INSTALL_PREFIX=/home/hibiki/Robomech/Robo-MECS_exercise/001_robot_system/015_ros/omni_simulation/src/install/omni_ctl
[1.545s] Invoking command in '/home/hibiki/Robomech/Robo-MECS_exercise/001_robot_system/015_ros/omni_simulation/src/build/omni_ctl': CMAKE_PREFIX_PATH=/opt/ros/humble /usr/bin/cmake --build /home/hibiki/Robomech/Robo-MECS_exercise/001_robot_system/015_ros/omni_simulation/src/build/omni_ctl -- -j16 -l16
[1.569s] Invoked command in '/home/hibiki/Robomech/Robo-MECS_exercise/001_robot_system/015_ros/omni_simulation/src/build/omni_ctl' returned '0': CMAKE_PREFIX_PATH=/opt/ros/humble /usr/bin/cmake --build /home/hibiki/Robomech/Robo-MECS_exercise/001_robot_system/015_ros/omni_simulation/src/build/omni_ctl -- -j16 -l16
[1.602s] Invoking command in '/home/hibiki/Robomech/Robo-MECS_exercise/001_robot_system/015_ros/omni_simulation/src/build/omni_ctl': CMAKE_PREFIX_PATH=/opt/ros/humble /usr/bin/cmake --install /home/hibiki/Robomech/Robo-MECS_exercise/001_robot_system/015_ros/omni_simulation/src/build/omni_ctl
[1.611s] -- Install configuration: ""
[1.611s] -- Installing: /home/hibiki/Robomech/Robo-MECS_exercise/001_robot_system/015_ros/omni_simulation/src/install/omni_ctl/share/ament_index/resource_index/package_run_dependencies/omni_ctl
[1.611s] -- Installing: /home/hibiki/Robomech/Robo-MECS_exercise/001_robot_system/015_ros/omni_simulation/src/install/omni_ctl/share/ament_index/resource_index/parent_prefix_path/omni_ctl
[1.612s] -- Installing: /home/hibiki/Robomech/Robo-MECS_exercise/001_robot_system/015_ros/omni_simulation/src/install/omni_ctl/share/omni_ctl/environment/ament_prefix_path.sh
[1.612s] -- Installing: /home/hibiki/Robomech/Robo-MECS_exercise/001_robot_system/015_ros/omni_simulation/src/install/omni_ctl/share/omni_ctl/environment/ament_prefix_path.dsv
[1.612s] -- Installing: /home/hibiki/Robomech/Robo-MECS_exercise/001_robot_system/015_ros/omni_simulation/src/install/omni_ctl/share/omni_ctl/environment/path.sh
[1.612s] -- Installing: /home/hibiki/Robomech/Robo-MECS_exercise/001_robot_system/015_ros/omni_simulation/src/install/omni_ctl/share/omni_ctl/environment/path.dsv
[1.612s] -- Installing: /home/hibiki/Robomech/Robo-MECS_exercise/001_robot_system/015_ros/omni_simulation/src/install/omni_ctl/share/omni_ctl/local_setup.bash
[1.613s] -- Installing: /home/hibiki/Robomech/Robo-MECS_exercise/001_robot_system/015_ros/omni_simulation/src/install/omni_ctl/share/omni_ctl/local_setup.sh
[1.613s] -- Installing: /home/hibiki/Robomech/Robo-MECS_exercise/001_robot_system/015_ros/omni_simulation/src/install/omni_ctl/share/omni_ctl/local_setup.zsh
[1.613s] -- Installing: /home/hibiki/Robomech/Robo-MECS_exercise/001_robot_system/015_ros/omni_simulation/src/install/omni_ctl/share/omni_ctl/local_setup.dsv
[1.613s] -- Installing: /home/hibiki/Robomech/Robo-MECS_exercise/001_robot_system/015_ros/omni_simulation/src/install/omni_ctl/share/omni_ctl/package.dsv
[1.613s] -- Installing: /home/hibiki/Robomech/Robo-MECS_exercise/001_robot_system/015_ros/omni_simulation/src/install/omni_ctl/share/ament_index/resource_index/packages/omni_ctl
[1.613s] -- Installing: /home/hibiki/Robomech/Robo-MECS_exercise/001_robot_system/015_ros/omni_simulation/src/install/omni_ctl/share/omni_ctl/cmake/omni_ctlConfig.cmake
[1.614s] -- Installing: /home/hibiki/Robomech/Robo-MECS_exercise/001_robot_system/015_ros/omni_simulation/src/install/omni_ctl/share/omni_ctl/cmake/omni_ctlConfig-version.cmake
[1.614s] -- Installing: /home/hibiki/Robomech/Robo-MECS_exercise/001_robot_system/015_ros/omni_simulation/src/install/omni_ctl/share/omni_ctl/package.xml
[1.615s] Invoked command in '/home/hibiki/Robomech/Robo-MECS_exercise/001_robot_system/015_ros/omni_simulation/src/build/omni_ctl' returned '0': CMAKE_PREFIX_PATH=/opt/ros/humble /usr/bin/cmake --install /home/hibiki/Robomech/Robo-MECS_exercise/001_robot_system/015_ros/omni_simulation/src/build/omni_ctl
