[0.093s] DEBUG:colcon:Command line arguments: ['/home/hibiki/.espressif/python_env/idf5.4_py3.10_env/bin/colcon', 'build', '--packages-select', 'simulation_env']
[0.093s] DEBUG:colcon:Parsed command line arguments: Namespace(log_base=None, log_level=None, verb_name='build', build_base='build', install_base='install', merge_install=False, symlink_install=False, test_result_base=None, continue_on_error=False, executor='parallel', parallel_workers=16, event_handlers=None, ignore_user_meta=False, metas=['./colcon.meta'], base_paths=['.'], packages_ignore=None, packages_ignore_regex=None, paths=None, packages_up_to=None, packages_up_to_regex=None, packages_above=None, packages_above_and_dependencies=None, packages_above_depth=None, packages_select_by_dep=None, packages_skip_by_dep=None, packages_skip_up_to=None, packages_select_build_failed=False, packages_skip_build_finished=False, packages_select_test_failures=False, packages_skip_test_passed=False, packages_select=['simulation_env'], packages_skip=None, packages_select_regex=None, packages_skip_regex=None, packages_start=None, packages_end=None, cmake_args=None, cmake_target=None, cmake_target_skip_unavailable=False, cmake_clean_cache=False, cmake_clean_first=False, cmake_force_configure=False, ament_cmake_args=None, catkin_cmake_args=None, catkin_skip_building_tests=False, verb_parser=<colcon_defaults.argument_parser.defaults.DefaultArgumentsDecorator object at 0x718833cc9570>, verb_extension=<colcon_core.verb.build.BuildVerb object at 0x718833e32b90>, main=<bound method BuildVerb.main of <colcon_core.verb.build.BuildVerb object at 0x718833e32b90>>)
[0.122s] Level 1:colcon.colcon_core.package_discovery:discover_packages(colcon_meta) check parameters
[0.122s] Level 1:colcon.colcon_core.package_discovery:discover_packages(recursive) check parameters
[0.122s] Level 1:colcon.colcon_core.package_discovery:discover_packages(ignore) check parameters
[0.122s] Level 1:colcon.colcon_core.package_discovery:discover_packages(path) check parameters
[0.122s] Level 1:colcon.colcon_core.package_discovery:discover_packages(colcon_meta) discover
[0.122s] Level 1:colcon.colcon_core.package_discovery:discover_packages(recursive) discover
[0.122s] INFO:colcon.colcon_core.package_discovery:Crawling recursively for packages in '/home/hibiki/Robomech/Robo-MECS_exercise/001_robot_system/015_ros/omni_simulation/src'
[0.122s] Level 1:colcon.colcon_core.package_identification:_identify(.) by extensions ['ignore', 'ignore_ament_install']
[0.122s] Level 1:colcon.colcon_core.package_identification:_identify(.) by extension 'ignore'
[0.122s] Level 1:colcon.colcon_core.package_identification:_identify(.) by extension 'ignore_ament_install'
[0.123s] Level 1:colcon.colcon_core.package_identification:_identify(.) by extensions ['colcon_pkg']
[0.123s] Level 1:colcon.colcon_core.package_identification:_identify(.) by extension 'colcon_pkg'
[0.123s] Level 1:colcon.colcon_core.package_identification:_identify(.) by extensions ['colcon_meta']
[0.123s] Level 1:colcon.colcon_core.package_identification:_identify(.) by extension 'colcon_meta'
[0.123s] Level 1:colcon.colcon_core.package_identification:_identify(.) by extensions ['ros']
[0.123s] Level 1:colcon.colcon_core.package_identification:_identify(.) by extension 'ros'
[0.142s] Level 1:colcon.colcon_core.package_identification:_identify(.) by extensions ['cmake', 'python']
[0.142s] Level 1:colcon.colcon_core.package_identification:_identify(.) by extension 'cmake'
[0.142s] Level 1:colcon.colcon_core.package_identification:_identify(.) by extension 'python'
[0.142s] Level 1:colcon.colcon_core.package_identification:_identify(.) by extensions ['python_setup_py']
[0.142s] Level 1:colcon.colcon_core.package_identification:_identify(.) by extension 'python_setup_py'
[0.142s] Level 1:colcon.colcon_core.package_identification:_identify(build) by extensions ['ignore', 'ignore_ament_install']
[0.142s] Level 1:colcon.colcon_core.package_identification:_identify(build) by extension 'ignore'
[0.142s] Level 1:colcon.colcon_core.package_identification:_identify(build) ignored
[0.142s] Level 1:colcon.colcon_core.package_identification:_identify(install) by extensions ['ignore', 'ignore_ament_install']
[0.142s] Level 1:colcon.colcon_core.package_identification:_identify(install) by extension 'ignore'
[0.142s] Level 1:colcon.colcon_core.package_identification:_identify(install) ignored
[0.142s] Level 1:colcon.colcon_core.package_identification:_identify(log) by extensions ['ignore', 'ignore_ament_install']
[0.142s] Level 1:colcon.colcon_core.package_identification:_identify(log) by extension 'ignore'
[0.143s] Level 1:colcon.colcon_core.package_identification:_identify(log) ignored
[0.143s] Level 1:colcon.colcon_core.package_identification:_identify(omni_ctl) by extensions ['ignore', 'ignore_ament_install']
[0.143s] Level 1:colcon.colcon_core.package_identification:_identify(omni_ctl) by extension 'ignore'
[0.143s] Level 1:colcon.colcon_core.package_identification:_identify(omni_ctl) by extension 'ignore_ament_install'
[0.143s] Level 1:colcon.colcon_core.package_identification:_identify(omni_ctl) by extensions ['colcon_pkg']
[0.143s] Level 1:colcon.colcon_core.package_identification:_identify(omni_ctl) by extension 'colcon_pkg'
[0.143s] Level 1:colcon.colcon_core.package_identification:_identify(omni_ctl) by extensions ['colcon_meta']
[0.143s] Level 1:colcon.colcon_core.package_identification:_identify(omni_ctl) by extension 'colcon_meta'
[0.143s] Level 1:colcon.colcon_core.package_identification:_identify(omni_ctl) by extensions ['ros']
[0.143s] Level 1:colcon.colcon_core.package_identification:_identify(omni_ctl) by extension 'ros'
[0.145s] DEBUG:colcon.colcon_core.package_identification:Package 'omni_ctl' with type 'ros.ament_cmake' and name 'omni_ctl'
[0.145s] Level 1:colcon.colcon_core.package_identification:_identify(simulation_env) by extensions ['ignore', 'ignore_ament_install']
[0.145s] Level 1:colcon.colcon_core.package_identification:_identify(simulation_env) by extension 'ignore'
[0.145s] Level 1:colcon.colcon_core.package_identification:_identify(simulation_env) by extension 'ignore_ament_install'
[0.145s] Level 1:colcon.colcon_core.package_identification:_identify(simulation_env) by extensions ['colcon_pkg']
[0.145s] Level 1:colcon.colcon_core.package_identification:_identify(simulation_env) by extension 'colcon_pkg'
[0.145s] Level 1:colcon.colcon_core.package_identification:_identify(simulation_env) by extensions ['colcon_meta']
[0.145s] Level 1:colcon.colcon_core.package_identification:_identify(simulation_env) by extension 'colcon_meta'
[0.145s] Level 1:colcon.colcon_core.package_identification:_identify(simulation_env) by extensions ['ros']
[0.145s] Level 1:colcon.colcon_core.package_identification:_identify(simulation_env) by extension 'ros'
[0.145s] DEBUG:colcon.colcon_core.package_identification:Package 'simulation_env' with type 'ros.ament_cmake' and name 'simulation_env'
[0.146s] Level 1:colcon.colcon_core.package_discovery:discover_packages(recursive) using defaults
[0.146s] Level 1:colcon.colcon_core.package_discovery:discover_packages(ignore) discover
[0.146s] Level 1:colcon.colcon_core.package_discovery:discover_packages(ignore) using defaults
[0.146s] Level 1:colcon.colcon_core.package_discovery:discover_packages(path) discover
[0.146s] Level 1:colcon.colcon_core.package_discovery:discover_packages(path) using defaults
[0.159s] INFO:colcon.colcon_core.package_selection:Skipping not selected package 'omni_ctl' in 'omni_ctl'
[0.159s] Level 5:colcon.colcon_core.verb:set package 'simulation_env' build argument 'cmake_args' from command line to 'None'
[0.159s] Level 5:colcon.colcon_core.verb:set package 'simulation_env' build argument 'cmake_target' from command line to 'None'
[0.159s] Level 5:colcon.colcon_core.verb:set package 'simulation_env' build argument 'cmake_target_skip_unavailable' from command line to 'False'
[0.159s] Level 5:colcon.colcon_core.verb:set package 'simulation_env' build argument 'cmake_clean_cache' from command line to 'False'
[0.159s] Level 5:colcon.colcon_core.verb:set package 'simulation_env' build argument 'cmake_clean_first' from command line to 'False'
[0.159s] Level 5:colcon.colcon_core.verb:set package 'simulation_env' build argument 'cmake_force_configure' from command line to 'False'
[0.159s] Level 5:colcon.colcon_core.verb:set package 'simulation_env' build argument 'ament_cmake_args' from command line to 'None'
[0.159s] Level 5:colcon.colcon_core.verb:set package 'simulation_env' build argument 'catkin_cmake_args' from command line to 'None'
[0.159s] Level 5:colcon.colcon_core.verb:set package 'simulation_env' build argument 'catkin_skip_building_tests' from command line to 'False'
[0.159s] DEBUG:colcon.colcon_core.verb:Building package 'simulation_env' with the following arguments: {'ament_cmake_args': None, 'build_base': '/home/hibiki/Robomech/Robo-MECS_exercise/001_robot_system/015_ros/omni_simulation/src/build/simulation_env', 'catkin_cmake_args': None, 'catkin_skip_building_tests': False, 'cmake_args': None, 'cmake_clean_cache': False, 'cmake_clean_first': False, 'cmake_force_configure': False, 'cmake_target': None, 'cmake_target_skip_unavailable': False, 'install_base': '/home/hibiki/Robomech/Robo-MECS_exercise/001_robot_system/015_ros/omni_simulation/src/install/simulation_env', 'merge_install': False, 'path': '/home/hibiki/Robomech/Robo-MECS_exercise/001_robot_system/015_ros/omni_simulation/src/simulation_env', 'symlink_install': False, 'test_result_base': None}
[0.159s] INFO:colcon.colcon_core.executor:Executing jobs using 'parallel' executor
[0.161s] DEBUG:colcon.colcon_parallel_executor.executor.parallel:run_until_complete
[0.161s] INFO:colcon.colcon_ros.task.ament_cmake.build:Building ROS package in '/home/hibiki/Robomech/Robo-MECS_exercise/001_robot_system/015_ros/omni_simulation/src/simulation_env' with build type 'ament_cmake'
[0.161s] INFO:colcon.colcon_cmake.task.cmake.build:Building CMake package in '/home/hibiki/Robomech/Robo-MECS_exercise/001_robot_system/015_ros/omni_simulation/src/simulation_env'
[0.163s] INFO:colcon.colcon_core.plugin_system:Skipping extension 'colcon_core.shell.bat': Not used on non-Windows systems
[0.163s] INFO:colcon.colcon_core.shell:Skip shell extension 'powershell' for command environment: Not usable outside of PowerShell
[0.163s] DEBUG:colcon.colcon_core.shell:Skip shell extension 'dsv' for command environment
[0.175s] DEBUG:colcon.colcon_core.event_handler.log_command:Invoking command in '/home/hibiki/Robomech/Robo-MECS_exercise/001_robot_system/015_ros/omni_simulation/src/build/simulation_env': CMAKE_PREFIX_PATH=${CMAKE_PREFIX_PATH}:/opt/ros/humble /usr/bin/cmake --build /home/hibiki/Robomech/Robo-MECS_exercise/001_robot_system/015_ros/omni_simulation/src/build/simulation_env -- -j16 -l16
[9.749s] DEBUG:colcon.colcon_core.event_handler.log_command:Invoked command in '/home/hibiki/Robomech/Robo-MECS_exercise/001_robot_system/015_ros/omni_simulation/src/build/simulation_env' returned '0': CMAKE_PREFIX_PATH=${CMAKE_PREFIX_PATH}:/opt/ros/humble /usr/bin/cmake --build /home/hibiki/Robomech/Robo-MECS_exercise/001_robot_system/015_ros/omni_simulation/src/build/simulation_env -- -j16 -l16
[9.784s] DEBUG:colcon.colcon_core.event_handler.log_command:Invoking command in '/home/hibiki/Robomech/Robo-MECS_exercise/001_robot_system/015_ros/omni_simulation/src/build/simulation_env': CMAKE_PREFIX_PATH=${CMAKE_PREFIX_PATH}:/opt/ros/humble /usr/bin/cmake --install /home/hibiki/Robomech/Robo-MECS_exercise/001_robot_system/015_ros/omni_simulation/src/build/simulation_env
[9.798s] Level 1:colcon.colcon_core.environment:create_environment_scripts_only(simulation_env)
[9.801s] DEBUG:colcon.colcon_core.event_handler.log_command:Invoked command in '/home/hibiki/Robomech/Robo-MECS_exercise/001_robot_system/015_ros/omni_simulation/src/build/simulation_env' returned '0': CMAKE_PREFIX_PATH=${CMAKE_PREFIX_PATH}:/opt/ros/humble /usr/bin/cmake --install /home/hibiki/Robomech/Robo-MECS_exercise/001_robot_system/015_ros/omni_simulation/src/build/simulation_env
[9.805s] Level 1:colcon.colcon_core.environment:checking '/home/hibiki/Robomech/Robo-MECS_exercise/001_robot_system/015_ros/omni_simulation/src/install/simulation_env' for CMake module files
[9.806s] Level 1:colcon.colcon_core.environment:checking '/home/hibiki/Robomech/Robo-MECS_exercise/001_robot_system/015_ros/omni_simulation/src/install/simulation_env' for CMake config files
[9.806s] Level 1:colcon.colcon_core.shell:create_environment_hook('simulation_env', 'cmake_prefix_path')
[9.807s] INFO:colcon.colcon_core.shell:Creating environment hook '/home/hibiki/Robomech/Robo-MECS_exercise/001_robot_system/015_ros/omni_simulation/src/install/simulation_env/share/simulation_env/hook/cmake_prefix_path.ps1'
[9.807s] INFO:colcon.colcon_core.shell:Creating environment descriptor '/home/hibiki/Robomech/Robo-MECS_exercise/001_robot_system/015_ros/omni_simulation/src/install/simulation_env/share/simulation_env/hook/cmake_prefix_path.dsv'
[9.808s] INFO:colcon.colcon_core.shell:Creating environment hook '/home/hibiki/Robomech/Robo-MECS_exercise/001_robot_system/015_ros/omni_simulation/src/install/simulation_env/share/simulation_env/hook/cmake_prefix_path.sh'
[9.809s] Level 1:colcon.colcon_core.environment:checking '/home/hibiki/Robomech/Robo-MECS_exercise/001_robot_system/015_ros/omni_simulation/src/install/simulation_env/lib'
[9.809s] Level 1:colcon.colcon_core.environment:checking '/home/hibiki/Robomech/Robo-MECS_exercise/001_robot_system/015_ros/omni_simulation/src/install/simulation_env/bin'
[9.809s] Level 1:colcon.colcon_core.environment:checking '/home/hibiki/Robomech/Robo-MECS_exercise/001_robot_system/015_ros/omni_simulation/src/install/simulation_env/lib/pkgconfig/simulation_env.pc'
[9.810s] Level 1:colcon.colcon_core.environment:checking '/home/hibiki/Robomech/Robo-MECS_exercise/001_robot_system/015_ros/omni_simulation/src/install/simulation_env/lib/python3.10/site-packages'
[9.810s] Level 1:colcon.colcon_core.environment:checking '/home/hibiki/Robomech/Robo-MECS_exercise/001_robot_system/015_ros/omni_simulation/src/install/simulation_env/bin'
[9.810s] INFO:colcon.colcon_core.shell:Creating package script '/home/hibiki/Robomech/Robo-MECS_exercise/001_robot_system/015_ros/omni_simulation/src/install/simulation_env/share/simulation_env/package.ps1'
[9.811s] INFO:colcon.colcon_core.shell:Creating package descriptor '/home/hibiki/Robomech/Robo-MECS_exercise/001_robot_system/015_ros/omni_simulation/src/install/simulation_env/share/simulation_env/package.dsv'
[9.812s] INFO:colcon.colcon_core.shell:Creating package script '/home/hibiki/Robomech/Robo-MECS_exercise/001_robot_system/015_ros/omni_simulation/src/install/simulation_env/share/simulation_env/package.sh'
[9.812s] INFO:colcon.colcon_core.shell:Creating package script '/home/hibiki/Robomech/Robo-MECS_exercise/001_robot_system/015_ros/omni_simulation/src/install/simulation_env/share/simulation_env/package.bash'
[9.813s] INFO:colcon.colcon_core.shell:Creating package script '/home/hibiki/Robomech/Robo-MECS_exercise/001_robot_system/015_ros/omni_simulation/src/install/simulation_env/share/simulation_env/package.zsh'
[9.814s] Level 1:colcon.colcon_core.environment:create_file_with_runtime_dependencies(/home/hibiki/Robomech/Robo-MECS_exercise/001_robot_system/015_ros/omni_simulation/src/install/simulation_env/share/colcon-core/packages/simulation_env)
[9.841s] Level 1:colcon.colcon_core.environment:create_environment_scripts_only(simulation_env)
[9.842s] Level 1:colcon.colcon_core.environment:checking '/home/hibiki/Robomech/Robo-MECS_exercise/001_robot_system/015_ros/omni_simulation/src/install/simulation_env' for CMake module files
[9.844s] Level 1:colcon.colcon_core.environment:checking '/home/hibiki/Robomech/Robo-MECS_exercise/001_robot_system/015_ros/omni_simulation/src/install/simulation_env' for CMake config files
[9.844s] Level 1:colcon.colcon_core.shell:create_environment_hook('simulation_env', 'cmake_prefix_path')
[9.845s] INFO:colcon.colcon_core.shell:Creating environment hook '/home/hibiki/Robomech/Robo-MECS_exercise/001_robot_system/015_ros/omni_simulation/src/install/simulation_env/share/simulation_env/hook/cmake_prefix_path.ps1'
[9.845s] INFO:colcon.colcon_core.shell:Creating environment descriptor '/home/hibiki/Robomech/Robo-MECS_exercise/001_robot_system/015_ros/omni_simulation/src/install/simulation_env/share/simulation_env/hook/cmake_prefix_path.dsv'
[9.846s] INFO:colcon.colcon_core.shell:Creating environment hook '/home/hibiki/Robomech/Robo-MECS_exercise/001_robot_system/015_ros/omni_simulation/src/install/simulation_env/share/simulation_env/hook/cmake_prefix_path.sh'
[9.847s] Level 1:colcon.colcon_core.environment:checking '/home/hibiki/Robomech/Robo-MECS_exercise/001_robot_system/015_ros/omni_simulation/src/install/simulation_env/lib'
[9.847s] Level 1:colcon.colcon_core.environment:checking '/home/hibiki/Robomech/Robo-MECS_exercise/001_robot_system/015_ros/omni_simulation/src/install/simulation_env/bin'
[9.847s] Level 1:colcon.colcon_core.environment:checking '/home/hibiki/Robomech/Robo-MECS_exercise/001_robot_system/015_ros/omni_simulation/src/install/simulation_env/lib/pkgconfig/simulation_env.pc'
[9.848s] Level 1:colcon.colcon_core.environment:checking '/home/hibiki/Robomech/Robo-MECS_exercise/001_robot_system/015_ros/omni_simulation/src/install/simulation_env/lib/python3.10/site-packages'
[9.848s] Level 1:colcon.colcon_core.environment:checking '/home/hibiki/Robomech/Robo-MECS_exercise/001_robot_system/015_ros/omni_simulation/src/install/simulation_env/bin'
[9.848s] INFO:colcon.colcon_core.shell:Creating package script '/home/hibiki/Robomech/Robo-MECS_exercise/001_robot_system/015_ros/omni_simulation/src/install/simulation_env/share/simulation_env/package.ps1'
[9.849s] INFO:colcon.colcon_core.shell:Creating package descriptor '/home/hibiki/Robomech/Robo-MECS_exercise/001_robot_system/015_ros/omni_simulation/src/install/simulation_env/share/simulation_env/package.dsv'
[9.850s] INFO:colcon.colcon_core.shell:Creating package script '/home/hibiki/Robomech/Robo-MECS_exercise/001_robot_system/015_ros/omni_simulation/src/install/simulation_env/share/simulation_env/package.sh'
[9.850s] INFO:colcon.colcon_core.shell:Creating package script '/home/hibiki/Robomech/Robo-MECS_exercise/001_robot_system/015_ros/omni_simulation/src/install/simulation_env/share/simulation_env/package.bash'
[9.850s] INFO:colcon.colcon_core.shell:Creating package script '/home/hibiki/Robomech/Robo-MECS_exercise/001_robot_system/015_ros/omni_simulation/src/install/simulation_env/share/simulation_env/package.zsh'
[9.851s] Level 1:colcon.colcon_core.environment:create_file_with_runtime_dependencies(/home/hibiki/Robomech/Robo-MECS_exercise/001_robot_system/015_ros/omni_simulation/src/install/simulation_env/share/colcon-core/packages/simulation_env)
[9.851s] DEBUG:colcon.colcon_parallel_executor.executor.parallel:closing loop
[9.851s] DEBUG:colcon.colcon_parallel_executor.executor.parallel:loop closed
[9.851s] DEBUG:colcon.colcon_parallel_executor.executor.parallel:run_until_complete finished with '0'
[9.852s] DEBUG:colcon.colcon_core.event_reactor:joining thread
[9.854s] INFO:colcon.colcon_core.plugin_system:Skipping extension 'colcon_notification.desktop_notification.notify2': 'notify2' not found
[9.854s] INFO:colcon.colcon_core.plugin_system:Skipping extension 'colcon_notification.desktop_notification.terminal_notifier': Not used on non-Darwin systems
[9.854s] INFO:colcon.colcon_core.plugin_system:Skipping extension 'colcon_notification.desktop_notification.win32': Not used on non-Windows systems
[9.854s] INFO:colcon.colcon_notification.desktop_notification:Sending desktop notification using 'notify_send'
[9.882s] DEBUG:colcon.colcon_core.event_reactor:joined thread
[9.883s] INFO:colcon.colcon_core.shell:Creating prefix script '/home/hibiki/Robomech/Robo-MECS_exercise/001_robot_system/015_ros/omni_simulation/src/install/local_setup.ps1'
[9.886s] INFO:colcon.colcon_core.shell:Creating prefix util module '/home/hibiki/Robomech/Robo-MECS_exercise/001_robot_system/015_ros/omni_simulation/src/install/_local_setup_util_ps1.py'
[9.888s] INFO:colcon.colcon_core.shell:Creating prefix chain script '/home/hibiki/Robomech/Robo-MECS_exercise/001_robot_system/015_ros/omni_simulation/src/install/setup.ps1'
[9.889s] INFO:colcon.colcon_core.shell:Creating prefix script '/home/hibiki/Robomech/Robo-MECS_exercise/001_robot_system/015_ros/omni_simulation/src/install/local_setup.sh'
[9.889s] INFO:colcon.colcon_core.shell:Creating prefix util module '/home/hibiki/Robomech/Robo-MECS_exercise/001_robot_system/015_ros/omni_simulation/src/install/_local_setup_util_sh.py'
[9.890s] INFO:colcon.colcon_core.shell:Creating prefix chain script '/home/hibiki/Robomech/Robo-MECS_exercise/001_robot_system/015_ros/omni_simulation/src/install/setup.sh'
[9.891s] INFO:colcon.colcon_core.shell:Creating prefix script '/home/hibiki/Robomech/Robo-MECS_exercise/001_robot_system/015_ros/omni_simulation/src/install/local_setup.bash'
[9.891s] INFO:colcon.colcon_core.shell:Creating prefix chain script '/home/hibiki/Robomech/Robo-MECS_exercise/001_robot_system/015_ros/omni_simulation/src/install/setup.bash'
[9.893s] INFO:colcon.colcon_core.shell:Creating prefix script '/home/hibiki/Robomech/Robo-MECS_exercise/001_robot_system/015_ros/omni_simulation/src/install/local_setup.zsh'
[9.893s] INFO:colcon.colcon_core.shell:Creating prefix chain script '/home/hibiki/Robomech/Robo-MECS_exercise/001_robot_system/015_ros/omni_simulation/src/install/setup.zsh'
