[0.068s] DEBUG:colcon:Command line arguments: ['/home/hibiki/.espressif/python_env/idf5.4_py3.10_env/bin/colcon', 'build', '--packages-select', 'experiments']
[0.069s] DEBUG:colcon:Parsed command line arguments: Namespace(log_base=None, log_level=None, verb_name='build', build_base='build', install_base='install', merge_install=False, symlink_install=False, test_result_base=None, continue_on_error=False, executor='parallel', parallel_workers=16, event_handlers=None, ignore_user_meta=False, metas=['./colcon.meta'], base_paths=['.'], packages_ignore=None, packages_ignore_regex=None, paths=None, packages_up_to=None, packages_up_to_regex=None, packages_above=None, packages_above_and_dependencies=None, packages_above_depth=None, packages_select_by_dep=None, packages_skip_by_dep=None, packages_skip_up_to=None, packages_select_build_failed=False, packages_skip_build_finished=False, packages_select_test_failures=False, packages_skip_test_passed=False, packages_select=['experiments'], packages_skip=None, packages_select_regex=None, packages_skip_regex=None, packages_start=None, packages_end=None, cmake_args=None, cmake_target=None, cmake_target_skip_unavailable=False, cmake_clean_cache=False, cmake_clean_first=False, cmake_force_configure=False, ament_cmake_args=None, catkin_cmake_args=None, catkin_skip_building_tests=False, verb_parser=<colcon_defaults.argument_parser.defaults.DefaultArgumentsDecorator object at 0x7295d5b215a0>, verb_extension=<colcon_core.verb.build.BuildVerb object at 0x7295d5c92bc0>, main=<bound method BuildVerb.main of <colcon_core.verb.build.BuildVerb object at 0x7295d5c92bc0>>)
[0.090s] Level 1:colcon.colcon_core.package_discovery:discover_packages(colcon_meta) check parameters
[0.090s] Level 1:colcon.colcon_core.package_discovery:discover_packages(recursive) check parameters
[0.090s] Level 1:colcon.colcon_core.package_discovery:discover_packages(ignore) check parameters
[0.090s] Level 1:colcon.colcon_core.package_discovery:discover_packages(path) check parameters
[0.090s] Level 1:colcon.colcon_core.package_discovery:discover_packages(colcon_meta) discover
[0.090s] Level 1:colcon.colcon_core.package_discovery:discover_packages(recursive) discover
[0.090s] INFO:colcon.colcon_core.package_discovery:Crawling recursively for packages in '/home/hibiki/Robomech/Robo-MECS_exercise/001_robot_system/015_ros/omni_simulation'
[0.090s] Level 1:colcon.colcon_core.package_identification:_identify(.) by extensions ['ignore', 'ignore_ament_install']
[0.090s] Level 1:colcon.colcon_core.package_identification:_identify(.) by extension 'ignore'
[0.091s] Level 1:colcon.colcon_core.package_identification:_identify(.) by extension 'ignore_ament_install'
[0.091s] Level 1:colcon.colcon_core.package_identification:_identify(.) by extensions ['colcon_pkg']
[0.091s] Level 1:colcon.colcon_core.package_identification:_identify(.) by extension 'colcon_pkg'
[0.091s] Level 1:colcon.colcon_core.package_identification:_identify(.) by extensions ['colcon_meta']
[0.091s] Level 1:colcon.colcon_core.package_identification:_identify(.) by extension 'colcon_meta'
[0.091s] Level 1:colcon.colcon_core.package_identification:_identify(.) by extensions ['ros']
[0.091s] Level 1:colcon.colcon_core.package_identification:_identify(.) by extension 'ros'
[0.105s] Level 1:colcon.colcon_core.package_identification:_identify(.) by extensions ['cmake', 'python']
[0.105s] Level 1:colcon.colcon_core.package_identification:_identify(.) by extension 'cmake'
[0.105s] Level 1:colcon.colcon_core.package_identification:_identify(.) by extension 'python'
[0.105s] Level 1:colcon.colcon_core.package_identification:_identify(.) by extensions ['python_setup_py']
[0.105s] Level 1:colcon.colcon_core.package_identification:_identify(.) by extension 'python_setup_py'
[0.105s] Level 1:colcon.colcon_core.package_identification:_identify(build) by extensions ['ignore', 'ignore_ament_install']
[0.106s] Level 1:colcon.colcon_core.package_identification:_identify(build) by extension 'ignore'
[0.106s] Level 1:colcon.colcon_core.package_identification:_identify(build) ignored
[0.106s] Level 1:colcon.colcon_core.package_identification:_identify(install) by extensions ['ignore', 'ignore_ament_install']
[0.106s] Level 1:colcon.colcon_core.package_identification:_identify(install) by extension 'ignore'
[0.106s] Level 1:colcon.colcon_core.package_identification:_identify(install) ignored
[0.106s] Level 1:colcon.colcon_core.package_identification:_identify(log) by extensions ['ignore', 'ignore_ament_install']
[0.106s] Level 1:colcon.colcon_core.package_identification:_identify(log) by extension 'ignore'
[0.106s] Level 1:colcon.colcon_core.package_identification:_identify(log) ignored
[0.106s] Level 1:colcon.colcon_core.package_identification:_identify(src) by extensions ['ignore', 'ignore_ament_install']
[0.106s] Level 1:colcon.colcon_core.package_identification:_identify(src) by extension 'ignore'
[0.106s] Level 1:colcon.colcon_core.package_identification:_identify(src) by extension 'ignore_ament_install'
[0.106s] Level 1:colcon.colcon_core.package_identification:_identify(src) by extensions ['colcon_pkg']
[0.106s] Level 1:colcon.colcon_core.package_identification:_identify(src) by extension 'colcon_pkg'
[0.106s] Level 1:colcon.colcon_core.package_identification:_identify(src) by extensions ['colcon_meta']
[0.106s] Level 1:colcon.colcon_core.package_identification:_identify(src) by extension 'colcon_meta'
[0.106s] Level 1:colcon.colcon_core.package_identification:_identify(src) by extensions ['ros']
[0.106s] Level 1:colcon.colcon_core.package_identification:_identify(src) by extension 'ros'
[0.106s] Level 1:colcon.colcon_core.package_identification:_identify(src) by extensions ['cmake', 'python']
[0.106s] Level 1:colcon.colcon_core.package_identification:_identify(src) by extension 'cmake'
[0.106s] Level 1:colcon.colcon_core.package_identification:_identify(src) by extension 'python'
[0.106s] Level 1:colcon.colcon_core.package_identification:_identify(src) by extensions ['python_setup_py']
[0.106s] Level 1:colcon.colcon_core.package_identification:_identify(src) by extension 'python_setup_py'
[0.106s] Level 1:colcon.colcon_core.package_identification:_identify(src/build) by extensions ['ignore', 'ignore_ament_install']
[0.106s] Level 1:colcon.colcon_core.package_identification:_identify(src/build) by extension 'ignore'
[0.106s] Level 1:colcon.colcon_core.package_identification:_identify(src/build) ignored
[0.106s] Level 1:colcon.colcon_core.package_identification:_identify(src/experiments) by extensions ['ignore', 'ignore_ament_install']
[0.106s] Level 1:colcon.colcon_core.package_identification:_identify(src/experiments) by extension 'ignore'
[0.106s] Level 1:colcon.colcon_core.package_identification:_identify(src/experiments) by extension 'ignore_ament_install'
[0.106s] Level 1:colcon.colcon_core.package_identification:_identify(src/experiments) by extensions ['colcon_pkg']
[0.106s] Level 1:colcon.colcon_core.package_identification:_identify(src/experiments) by extension 'colcon_pkg'
[0.106s] Level 1:colcon.colcon_core.package_identification:_identify(src/experiments) by extensions ['colcon_meta']
[0.106s] Level 1:colcon.colcon_core.package_identification:_identify(src/experiments) by extension 'colcon_meta'
[0.106s] Level 1:colcon.colcon_core.package_identification:_identify(src/experiments) by extensions ['ros']
[0.106s] Level 1:colcon.colcon_core.package_identification:_identify(src/experiments) by extension 'ros'
[0.108s] DEBUG:colcon.colcon_core.package_identification:Package 'src/experiments' with type 'ros.ament_cmake' and name 'experiments'
[0.108s] Level 1:colcon.colcon_core.package_identification:_identify(src/install) by extensions ['ignore', 'ignore_ament_install']
[0.108s] Level 1:colcon.colcon_core.package_identification:_identify(src/install) by extension 'ignore'
[0.108s] Level 1:colcon.colcon_core.package_identification:_identify(src/install) ignored
[0.108s] Level 1:colcon.colcon_core.package_identification:_identify(src/log) by extensions ['ignore', 'ignore_ament_install']
[0.108s] Level 1:colcon.colcon_core.package_identification:_identify(src/log) by extension 'ignore'
[0.108s] Level 1:colcon.colcon_core.package_identification:_identify(src/log) ignored
[0.108s] Level 1:colcon.colcon_core.package_identification:_identify(src/omni_ctl) by extensions ['ignore', 'ignore_ament_install']
[0.108s] Level 1:colcon.colcon_core.package_identification:_identify(src/omni_ctl) by extension 'ignore'
[0.108s] Level 1:colcon.colcon_core.package_identification:_identify(src/omni_ctl) by extension 'ignore_ament_install'
[0.108s] Level 1:colcon.colcon_core.package_identification:_identify(src/omni_ctl) by extensions ['colcon_pkg']
[0.108s] Level 1:colcon.colcon_core.package_identification:_identify(src/omni_ctl) by extension 'colcon_pkg'
[0.108s] Level 1:colcon.colcon_core.package_identification:_identify(src/omni_ctl) by extensions ['colcon_meta']
[0.108s] Level 1:colcon.colcon_core.package_identification:_identify(src/omni_ctl) by extension 'colcon_meta'
[0.108s] Level 1:colcon.colcon_core.package_identification:_identify(src/omni_ctl) by extensions ['ros']
[0.108s] Level 1:colcon.colcon_core.package_identification:_identify(src/omni_ctl) by extension 'ros'
[0.109s] DEBUG:colcon.colcon_core.package_identification:Package 'src/omni_ctl' with type 'ros.ament_cmake' and name 'omni_ctl'
[0.109s] Level 1:colcon.colcon_core.package_identification:_identify(src/simulation_env) by extensions ['ignore', 'ignore_ament_install']
[0.109s] Level 1:colcon.colcon_core.package_identification:_identify(src/simulation_env) by extension 'ignore'
[0.109s] Level 1:colcon.colcon_core.package_identification:_identify(src/simulation_env) by extension 'ignore_ament_install'
[0.109s] Level 1:colcon.colcon_core.package_identification:_identify(src/simulation_env) by extensions ['colcon_pkg']
[0.109s] Level 1:colcon.colcon_core.package_identification:_identify(src/simulation_env) by extension 'colcon_pkg'
[0.109s] Level 1:colcon.colcon_core.package_identification:_identify(src/simulation_env) by extensions ['colcon_meta']
[0.109s] Level 1:colcon.colcon_core.package_identification:_identify(src/simulation_env) by extension 'colcon_meta'
[0.109s] Level 1:colcon.colcon_core.package_identification:_identify(src/simulation_env) by extensions ['ros']
[0.109s] Level 1:colcon.colcon_core.package_identification:_identify(src/simulation_env) by extension 'ros'
[0.109s] DEBUG:colcon.colcon_core.package_identification:Package 'src/simulation_env' with type 'ros.ament_cmake' and name 'simulation_env'
[0.109s] Level 1:colcon.colcon_core.package_discovery:discover_packages(recursive) using defaults
[0.109s] Level 1:colcon.colcon_core.package_discovery:discover_packages(ignore) discover
[0.109s] Level 1:colcon.colcon_core.package_discovery:discover_packages(ignore) using defaults
[0.109s] Level 1:colcon.colcon_core.package_discovery:discover_packages(path) discover
[0.109s] Level 1:colcon.colcon_core.package_discovery:discover_packages(path) using defaults
[0.119s] INFO:colcon.colcon_core.package_selection:Skipping not selected package 'omni_ctl' in 'src/omni_ctl'
[0.119s] INFO:colcon.colcon_core.package_selection:Skipping not selected package 'simulation_env' in 'src/simulation_env'
[0.120s] Level 5:colcon.colcon_core.verb:set package 'experiments' build argument 'cmake_args' from command line to 'None'
[0.120s] Level 5:colcon.colcon_core.verb:set package 'experiments' build argument 'cmake_target' from command line to 'None'
[0.120s] Level 5:colcon.colcon_core.verb:set package 'experiments' build argument 'cmake_target_skip_unavailable' from command line to 'False'
[0.120s] Level 5:colcon.colcon_core.verb:set package 'experiments' build argument 'cmake_clean_cache' from command line to 'False'
[0.120s] Level 5:colcon.colcon_core.verb:set package 'experiments' build argument 'cmake_clean_first' from command line to 'False'
[0.120s] Level 5:colcon.colcon_core.verb:set package 'experiments' build argument 'cmake_force_configure' from command line to 'False'
[0.120s] Level 5:colcon.colcon_core.verb:set package 'experiments' build argument 'ament_cmake_args' from command line to 'None'
[0.120s] Level 5:colcon.colcon_core.verb:set package 'experiments' build argument 'catkin_cmake_args' from command line to 'None'
[0.120s] Level 5:colcon.colcon_core.verb:set package 'experiments' build argument 'catkin_skip_building_tests' from command line to 'False'
[0.120s] DEBUG:colcon.colcon_core.verb:Building package 'experiments' with the following arguments: {'ament_cmake_args': None, 'build_base': '/home/hibiki/Robomech/Robo-MECS_exercise/001_robot_system/015_ros/omni_simulation/build/experiments', 'catkin_cmake_args': None, 'catkin_skip_building_tests': False, 'cmake_args': None, 'cmake_clean_cache': False, 'cmake_clean_first': False, 'cmake_force_configure': False, 'cmake_target': None, 'cmake_target_skip_unavailable': False, 'install_base': '/home/hibiki/Robomech/Robo-MECS_exercise/001_robot_system/015_ros/omni_simulation/install/experiments', 'merge_install': False, 'path': '/home/hibiki/Robomech/Robo-MECS_exercise/001_robot_system/015_ros/omni_simulation/src/experiments', 'symlink_install': False, 'test_result_base': None}
[0.120s] INFO:colcon.colcon_core.executor:Executing jobs using 'parallel' executor
[0.121s] DEBUG:colcon.colcon_parallel_executor.executor.parallel:run_until_complete
[0.121s] INFO:colcon.colcon_ros.task.ament_cmake.build:Building ROS package in '/home/hibiki/Robomech/Robo-MECS_exercise/001_robot_system/015_ros/omni_simulation/src/experiments' with build type 'ament_cmake'
[0.121s] INFO:colcon.colcon_cmake.task.cmake.build:Building CMake package in '/home/hibiki/Robomech/Robo-MECS_exercise/001_robot_system/015_ros/omni_simulation/src/experiments'
[0.122s] INFO:colcon.colcon_core.plugin_system:Skipping extension 'colcon_core.shell.bat': Not used on non-Windows systems
[0.122s] INFO:colcon.colcon_core.shell:Skip shell extension 'powershell' for command environment: Not usable outside of PowerShell
[0.122s] DEBUG:colcon.colcon_core.shell:Skip shell extension 'dsv' for command environment
[0.130s] DEBUG:colcon.colcon_core.event_handler.log_command:Invoking command in '/home/hibiki/Robomech/Robo-MECS_exercise/001_robot_system/015_ros/omni_simulation/build/experiments': CMAKE_PREFIX_PATH=/opt/ros/humble /usr/bin/cmake --build /home/hibiki/Robomech/Robo-MECS_exercise/001_robot_system/015_ros/omni_simulation/build/experiments -- -j16 -l16
[4.882s] DEBUG:colcon.colcon_core.event_handler.log_command:Invoked command in '/home/hibiki/Robomech/Robo-MECS_exercise/001_robot_system/015_ros/omni_simulation/build/experiments' returned '0': CMAKE_PREFIX_PATH=/opt/ros/humble /usr/bin/cmake --build /home/hibiki/Robomech/Robo-MECS_exercise/001_robot_system/015_ros/omni_simulation/build/experiments -- -j16 -l16
[4.898s] DEBUG:colcon.colcon_core.event_handler.log_command:Invoking command in '/home/hibiki/Robomech/Robo-MECS_exercise/001_robot_system/015_ros/omni_simulation/build/experiments': CMAKE_PREFIX_PATH=/opt/ros/humble /usr/bin/cmake --install /home/hibiki/Robomech/Robo-MECS_exercise/001_robot_system/015_ros/omni_simulation/build/experiments
[4.905s] Level 1:colcon.colcon_core.environment:create_environment_scripts_only(experiments)
[4.905s] DEBUG:colcon.colcon_core.event_handler.log_command:Invoked command in '/home/hibiki/Robomech/Robo-MECS_exercise/001_robot_system/015_ros/omni_simulation/build/experiments' returned '0': CMAKE_PREFIX_PATH=/opt/ros/humble /usr/bin/cmake --install /home/hibiki/Robomech/Robo-MECS_exercise/001_robot_system/015_ros/omni_simulation/build/experiments
[4.907s] Level 1:colcon.colcon_core.environment:checking '/home/hibiki/Robomech/Robo-MECS_exercise/001_robot_system/015_ros/omni_simulation/install/experiments' for CMake module files
[4.907s] Level 1:colcon.colcon_core.environment:checking '/home/hibiki/Robomech/Robo-MECS_exercise/001_robot_system/015_ros/omni_simulation/install/experiments' for CMake config files
[4.907s] Level 1:colcon.colcon_core.shell:create_environment_hook('experiments', 'cmake_prefix_path')
[4.908s] INFO:colcon.colcon_core.shell:Creating environment hook '/home/hibiki/Robomech/Robo-MECS_exercise/001_robot_system/015_ros/omni_simulation/install/experiments/share/experiments/hook/cmake_prefix_path.ps1'
[4.908s] INFO:colcon.colcon_core.shell:Creating environment descriptor '/home/hibiki/Robomech/Robo-MECS_exercise/001_robot_system/015_ros/omni_simulation/install/experiments/share/experiments/hook/cmake_prefix_path.dsv'
[4.908s] INFO:colcon.colcon_core.shell:Creating environment hook '/home/hibiki/Robomech/Robo-MECS_exercise/001_robot_system/015_ros/omni_simulation/install/experiments/share/experiments/hook/cmake_prefix_path.sh'
[4.909s] Level 1:colcon.colcon_core.environment:checking '/home/hibiki/Robomech/Robo-MECS_exercise/001_robot_system/015_ros/omni_simulation/install/experiments/lib'
[4.909s] Level 1:colcon.colcon_core.environment:checking '/home/hibiki/Robomech/Robo-MECS_exercise/001_robot_system/015_ros/omni_simulation/install/experiments/bin'
[4.909s] Level 1:colcon.colcon_core.environment:checking '/home/hibiki/Robomech/Robo-MECS_exercise/001_robot_system/015_ros/omni_simulation/install/experiments/lib/pkgconfig/experiments.pc'
[4.909s] Level 1:colcon.colcon_core.environment:checking '/home/hibiki/Robomech/Robo-MECS_exercise/001_robot_system/015_ros/omni_simulation/install/experiments/lib/python3.10/site-packages'
[4.910s] Level 1:colcon.colcon_core.environment:checking '/home/hibiki/Robomech/Robo-MECS_exercise/001_robot_system/015_ros/omni_simulation/install/experiments/bin'
[4.910s] INFO:colcon.colcon_core.shell:Creating package script '/home/hibiki/Robomech/Robo-MECS_exercise/001_robot_system/015_ros/omni_simulation/install/experiments/share/experiments/package.ps1'
[4.910s] INFO:colcon.colcon_core.shell:Creating package descriptor '/home/hibiki/Robomech/Robo-MECS_exercise/001_robot_system/015_ros/omni_simulation/install/experiments/share/experiments/package.dsv'
[4.911s] INFO:colcon.colcon_core.shell:Creating package script '/home/hibiki/Robomech/Robo-MECS_exercise/001_robot_system/015_ros/omni_simulation/install/experiments/share/experiments/package.sh'
[4.911s] INFO:colcon.colcon_core.shell:Creating package script '/home/hibiki/Robomech/Robo-MECS_exercise/001_robot_system/015_ros/omni_simulation/install/experiments/share/experiments/package.bash'
[4.911s] INFO:colcon.colcon_core.shell:Creating package script '/home/hibiki/Robomech/Robo-MECS_exercise/001_robot_system/015_ros/omni_simulation/install/experiments/share/experiments/package.zsh'
[4.911s] Level 1:colcon.colcon_core.environment:create_file_with_runtime_dependencies(/home/hibiki/Robomech/Robo-MECS_exercise/001_robot_system/015_ros/omni_simulation/install/experiments/share/colcon-core/packages/experiments)
[4.926s] Level 1:colcon.colcon_core.environment:create_environment_scripts_only(experiments)
[4.926s] Level 1:colcon.colcon_core.environment:checking '/home/hibiki/Robomech/Robo-MECS_exercise/001_robot_system/015_ros/omni_simulation/install/experiments' for CMake module files
[4.927s] Level 1:colcon.colcon_core.environment:checking '/home/hibiki/Robomech/Robo-MECS_exercise/001_robot_system/015_ros/omni_simulation/install/experiments' for CMake config files
[4.927s] Level 1:colcon.colcon_core.shell:create_environment_hook('experiments', 'cmake_prefix_path')
[4.927s] INFO:colcon.colcon_core.shell:Creating environment hook '/home/hibiki/Robomech/Robo-MECS_exercise/001_robot_system/015_ros/omni_simulation/install/experiments/share/experiments/hook/cmake_prefix_path.ps1'
[4.927s] INFO:colcon.colcon_core.shell:Creating environment descriptor '/home/hibiki/Robomech/Robo-MECS_exercise/001_robot_system/015_ros/omni_simulation/install/experiments/share/experiments/hook/cmake_prefix_path.dsv'
[4.928s] INFO:colcon.colcon_core.shell:Creating environment hook '/home/hibiki/Robomech/Robo-MECS_exercise/001_robot_system/015_ros/omni_simulation/install/experiments/share/experiments/hook/cmake_prefix_path.sh'
[4.928s] Level 1:colcon.colcon_core.environment:checking '/home/hibiki/Robomech/Robo-MECS_exercise/001_robot_system/015_ros/omni_simulation/install/experiments/lib'
[4.928s] Level 1:colcon.colcon_core.environment:checking '/home/hibiki/Robomech/Robo-MECS_exercise/001_robot_system/015_ros/omni_simulation/install/experiments/bin'
[4.929s] Level 1:colcon.colcon_core.environment:checking '/home/hibiki/Robomech/Robo-MECS_exercise/001_robot_system/015_ros/omni_simulation/install/experiments/lib/pkgconfig/experiments.pc'
[4.929s] Level 1:colcon.colcon_core.environment:checking '/home/hibiki/Robomech/Robo-MECS_exercise/001_robot_system/015_ros/omni_simulation/install/experiments/lib/python3.10/site-packages'
[4.929s] Level 1:colcon.colcon_core.environment:checking '/home/hibiki/Robomech/Robo-MECS_exercise/001_robot_system/015_ros/omni_simulation/install/experiments/bin'
[4.929s] INFO:colcon.colcon_core.shell:Creating package script '/home/hibiki/Robomech/Robo-MECS_exercise/001_robot_system/015_ros/omni_simulation/install/experiments/share/experiments/package.ps1'
[4.930s] INFO:colcon.colcon_core.shell:Creating package descriptor '/home/hibiki/Robomech/Robo-MECS_exercise/001_robot_system/015_ros/omni_simulation/install/experiments/share/experiments/package.dsv'
[4.931s] INFO:colcon.colcon_core.shell:Creating package script '/home/hibiki/Robomech/Robo-MECS_exercise/001_robot_system/015_ros/omni_simulation/install/experiments/share/experiments/package.sh'
[4.931s] INFO:colcon.colcon_core.shell:Creating package script '/home/hibiki/Robomech/Robo-MECS_exercise/001_robot_system/015_ros/omni_simulation/install/experiments/share/experiments/package.bash'
[4.932s] INFO:colcon.colcon_core.shell:Creating package script '/home/hibiki/Robomech/Robo-MECS_exercise/001_robot_system/015_ros/omni_simulation/install/experiments/share/experiments/package.zsh'
[4.933s] Level 1:colcon.colcon_core.environment:create_file_with_runtime_dependencies(/home/hibiki/Robomech/Robo-MECS_exercise/001_robot_system/015_ros/omni_simulation/install/experiments/share/colcon-core/packages/experiments)
[4.933s] DEBUG:colcon.colcon_parallel_executor.executor.parallel:closing loop
[4.933s] DEBUG:colcon.colcon_parallel_executor.executor.parallel:loop closed
[4.933s] DEBUG:colcon.colcon_parallel_executor.executor.parallel:run_until_complete finished with '0'
[4.933s] DEBUG:colcon.colcon_core.event_reactor:joining thread
[4.934s] INFO:colcon.colcon_core.plugin_system:Skipping extension 'colcon_notification.desktop_notification.notify2': 'notify2' not found
[4.935s] INFO:colcon.colcon_core.plugin_system:Skipping extension 'colcon_notification.desktop_notification.terminal_notifier': Not used on non-Darwin systems
[4.935s] INFO:colcon.colcon_core.plugin_system:Skipping extension 'colcon_notification.desktop_notification.win32': Not used on non-Windows systems
[4.935s] INFO:colcon.colcon_notification.desktop_notification:Sending desktop notification using 'notify_send'
[4.953s] DEBUG:colcon.colcon_core.event_reactor:joined thread
[4.953s] INFO:colcon.colcon_core.shell:Creating prefix script '/home/hibiki/Robomech/Robo-MECS_exercise/001_robot_system/015_ros/omni_simulation/install/local_setup.ps1'
[4.954s] INFO:colcon.colcon_core.shell:Creating prefix util module '/home/hibiki/Robomech/Robo-MECS_exercise/001_robot_system/015_ros/omni_simulation/install/_local_setup_util_ps1.py'
[4.955s] INFO:colcon.colcon_core.shell:Creating prefix chain script '/home/hibiki/Robomech/Robo-MECS_exercise/001_robot_system/015_ros/omni_simulation/install/setup.ps1'
[4.956s] INFO:colcon.colcon_core.shell:Creating prefix script '/home/hibiki/Robomech/Robo-MECS_exercise/001_robot_system/015_ros/omni_simulation/install/local_setup.sh'
[4.956s] INFO:colcon.colcon_core.shell:Creating prefix util module '/home/hibiki/Robomech/Robo-MECS_exercise/001_robot_system/015_ros/omni_simulation/install/_local_setup_util_sh.py'
[4.957s] INFO:colcon.colcon_core.shell:Creating prefix chain script '/home/hibiki/Robomech/Robo-MECS_exercise/001_robot_system/015_ros/omni_simulation/install/setup.sh'
[4.958s] INFO:colcon.colcon_core.shell:Creating prefix script '/home/hibiki/Robomech/Robo-MECS_exercise/001_robot_system/015_ros/omni_simulation/install/local_setup.bash'
[4.958s] INFO:colcon.colcon_core.shell:Creating prefix chain script '/home/hibiki/Robomech/Robo-MECS_exercise/001_robot_system/015_ros/omni_simulation/install/setup.bash'
[4.958s] INFO:colcon.colcon_core.shell:Creating prefix script '/home/hibiki/Robomech/Robo-MECS_exercise/001_robot_system/015_ros/omni_simulation/install/local_setup.zsh'
[4.959s] INFO:colcon.colcon_core.shell:Creating prefix chain script '/home/hibiki/Robomech/Robo-MECS_exercise/001_robot_system/015_ros/omni_simulation/install/setup.zsh'
