[0.291s] DEBUG:colcon:Command line arguments: ['/home/hibiki/.espressif/python_env/idf5.4_py3.10_env/bin/colcon', 'build']
[0.291s] DEBUG:colcon:Parsed command line arguments: Namespace(log_base=None, log_level=None, verb_name='build', build_base='build', install_base='install', merge_install=False, symlink_install=False, test_result_base=None, continue_on_error=False, executor='parallel', parallel_workers=16, event_handlers=None, ignore_user_meta=False, metas=['./colcon.meta'], base_paths=['.'], packages_ignore=None, packages_ignore_regex=None, paths=None, packages_up_to=None, packages_up_to_regex=None, packages_above=None, packages_above_and_dependencies=None, packages_above_depth=None, packages_select_by_dep=None, packages_skip_by_dep=None, packages_skip_up_to=None, packages_select_build_failed=False, packages_skip_build_finished=False, packages_select_test_failures=False, packages_skip_test_passed=False, packages_select=None, packages_skip=None, packages_select_regex=None, packages_skip_regex=None, packages_start=None, packages_end=None, cmake_args=None, cmake_target=None, cmake_target_skip_unavailable=False, cmake_clean_cache=False, cmake_clean_first=False, cmake_force_configure=False, ament_cmake_args=None, catkin_cmake_args=None, catkin_skip_building_tests=False, verb_parser=<colcon_defaults.argument_parser.defaults.DefaultArgumentsDecorator object at 0x7105bcec1570>, verb_extension=<colcon_core.verb.build.BuildVerb object at 0x7105bd03ab90>, main=<bound method BuildVerb.main of <colcon_core.verb.build.BuildVerb object at 0x7105bd03ab90>>)
[0.321s] Level 1:colcon.colcon_core.package_discovery:discover_packages(colcon_meta) check parameters
[0.322s] Level 1:colcon.colcon_core.package_discovery:discover_packages(recursive) check parameters
[0.322s] Level 1:colcon.colcon_core.package_discovery:discover_packages(ignore) check parameters
[0.322s] Level 1:colcon.colcon_core.package_discovery:discover_packages(path) check parameters
[0.322s] Level 1:colcon.colcon_core.package_discovery:discover_packages(colcon_meta) discover
[0.322s] Level 1:colcon.colcon_core.package_discovery:discover_packages(recursive) discover
[0.322s] INFO:colcon.colcon_core.package_discovery:Crawling recursively for packages in '/home/hibiki/Robomech/Robo-MECS_exercise/001_robot_system/015_ros/omni_simulation'
[0.322s] Level 1:colcon.colcon_core.package_identification:_identify(.) by extensions ['ignore', 'ignore_ament_install']
[0.322s] Level 1:colcon.colcon_core.package_identification:_identify(.) by extension 'ignore'
[0.322s] Level 1:colcon.colcon_core.package_identification:_identify(.) by extension 'ignore_ament_install'
[0.322s] Level 1:colcon.colcon_core.package_identification:_identify(.) by extensions ['colcon_pkg']
[0.322s] Level 1:colcon.colcon_core.package_identification:_identify(.) by extension 'colcon_pkg'
[0.322s] Level 1:colcon.colcon_core.package_identification:_identify(.) by extensions ['colcon_meta']
[0.322s] Level 1:colcon.colcon_core.package_identification:_identify(.) by extension 'colcon_meta'
[0.322s] Level 1:colcon.colcon_core.package_identification:_identify(.) by extensions ['ros']
[0.322s] Level 1:colcon.colcon_core.package_identification:_identify(.) by extension 'ros'
[0.337s] Level 1:colcon.colcon_core.package_identification:_identify(.) by extensions ['cmake', 'python']
[0.337s] Level 1:colcon.colcon_core.package_identification:_identify(.) by extension 'cmake'
[0.337s] Level 1:colcon.colcon_core.package_identification:_identify(.) by extension 'python'
[0.337s] Level 1:colcon.colcon_core.package_identification:_identify(.) by extensions ['python_setup_py']
[0.337s] Level 1:colcon.colcon_core.package_identification:_identify(.) by extension 'python_setup_py'
[0.337s] Level 1:colcon.colcon_core.package_identification:_identify(build) by extensions ['ignore', 'ignore_ament_install']
[0.337s] Level 1:colcon.colcon_core.package_identification:_identify(build) by extension 'ignore'
[0.337s] Level 1:colcon.colcon_core.package_identification:_identify(build) ignored
[0.337s] Level 1:colcon.colcon_core.package_identification:_identify(install) by extensions ['ignore', 'ignore_ament_install']
[0.337s] Level 1:colcon.colcon_core.package_identification:_identify(install) by extension 'ignore'
[0.337s] Level 1:colcon.colcon_core.package_identification:_identify(install) ignored
[0.337s] Level 1:colcon.colcon_core.package_identification:_identify(log) by extensions ['ignore', 'ignore_ament_install']
[0.337s] Level 1:colcon.colcon_core.package_identification:_identify(log) by extension 'ignore'
[0.337s] Level 1:colcon.colcon_core.package_identification:_identify(log) ignored
[0.338s] Level 1:colcon.colcon_core.package_identification:_identify(src) by extensions ['ignore', 'ignore_ament_install']
[0.338s] Level 1:colcon.colcon_core.package_identification:_identify(src) by extension 'ignore'
[0.338s] Level 1:colcon.colcon_core.package_identification:_identify(src) by extension 'ignore_ament_install'
[0.338s] Level 1:colcon.colcon_core.package_identification:_identify(src) by extensions ['colcon_pkg']
[0.338s] Level 1:colcon.colcon_core.package_identification:_identify(src) by extension 'colcon_pkg'
[0.338s] Level 1:colcon.colcon_core.package_identification:_identify(src) by extensions ['colcon_meta']
[0.338s] Level 1:colcon.colcon_core.package_identification:_identify(src) by extension 'colcon_meta'
[0.338s] Level 1:colcon.colcon_core.package_identification:_identify(src) by extensions ['ros']
[0.338s] Level 1:colcon.colcon_core.package_identification:_identify(src) by extension 'ros'
[0.338s] Level 1:colcon.colcon_core.package_identification:_identify(src) by extensions ['cmake', 'python']
[0.338s] Level 1:colcon.colcon_core.package_identification:_identify(src) by extension 'cmake'
[0.338s] Level 1:colcon.colcon_core.package_identification:_identify(src) by extension 'python'
[0.338s] Level 1:colcon.colcon_core.package_identification:_identify(src) by extensions ['python_setup_py']
[0.338s] Level 1:colcon.colcon_core.package_identification:_identify(src) by extension 'python_setup_py'
[0.338s] Level 1:colcon.colcon_core.package_identification:_identify(src/build) by extensions ['ignore', 'ignore_ament_install']
[0.338s] Level 1:colcon.colcon_core.package_identification:_identify(src/build) by extension 'ignore'
[0.338s] Level 1:colcon.colcon_core.package_identification:_identify(src/build) ignored
[0.338s] Level 1:colcon.colcon_core.package_identification:_identify(src/install) by extensions ['ignore', 'ignore_ament_install']
[0.338s] Level 1:colcon.colcon_core.package_identification:_identify(src/install) by extension 'ignore'
[0.338s] Level 1:colcon.colcon_core.package_identification:_identify(src/install) ignored
[0.338s] Level 1:colcon.colcon_core.package_identification:_identify(src/keyboard_joy) by extensions ['ignore', 'ignore_ament_install']
[0.338s] Level 1:colcon.colcon_core.package_identification:_identify(src/keyboard_joy) by extension 'ignore'
[0.338s] Level 1:colcon.colcon_core.package_identification:_identify(src/keyboard_joy) by extension 'ignore_ament_install'
[0.338s] Level 1:colcon.colcon_core.package_identification:_identify(src/keyboard_joy) by extensions ['colcon_pkg']
[0.338s] Level 1:colcon.colcon_core.package_identification:_identify(src/keyboard_joy) by extension 'colcon_pkg'
[0.338s] Level 1:colcon.colcon_core.package_identification:_identify(src/keyboard_joy) by extensions ['colcon_meta']
[0.338s] Level 1:colcon.colcon_core.package_identification:_identify(src/keyboard_joy) by extension 'colcon_meta'
[0.338s] Level 1:colcon.colcon_core.package_identification:_identify(src/keyboard_joy) by extensions ['ros']
[0.338s] Level 1:colcon.colcon_core.package_identification:_identify(src/keyboard_joy) by extension 'ros'
[0.341s] DEBUG:colcon.colcon_core.package_identification:Package 'src/keyboard_joy' with type 'ros.ament_python' and name 'keyboard_joy'
[0.341s] Level 1:colcon.colcon_core.package_identification:_identify(src/log) by extensions ['ignore', 'ignore_ament_install']
[0.341s] Level 1:colcon.colcon_core.package_identification:_identify(src/log) by extension 'ignore'
[0.342s] Level 1:colcon.colcon_core.package_identification:_identify(src/log) ignored
[0.342s] Level 1:colcon.colcon_core.package_identification:_identify(src/omni_ctl) by extensions ['ignore', 'ignore_ament_install']
[0.342s] Level 1:colcon.colcon_core.package_identification:_identify(src/omni_ctl) by extension 'ignore'
[0.342s] Level 1:colcon.colcon_core.package_identification:_identify(src/omni_ctl) by extension 'ignore_ament_install'
[0.342s] Level 1:colcon.colcon_core.package_identification:_identify(src/omni_ctl) by extensions ['colcon_pkg']
[0.342s] Level 1:colcon.colcon_core.package_identification:_identify(src/omni_ctl) by extension 'colcon_pkg'
[0.342s] Level 1:colcon.colcon_core.package_identification:_identify(src/omni_ctl) by extensions ['colcon_meta']
[0.342s] Level 1:colcon.colcon_core.package_identification:_identify(src/omni_ctl) by extension 'colcon_meta'
[0.342s] Level 1:colcon.colcon_core.package_identification:_identify(src/omni_ctl) by extensions ['ros']
[0.342s] Level 1:colcon.colcon_core.package_identification:_identify(src/omni_ctl) by extension 'ros'
[0.343s] DEBUG:colcon.colcon_core.package_identification:Package 'src/omni_ctl' with type 'ros.ament_cmake' and name 'omni_ctl'
[0.343s] Level 1:colcon.colcon_core.package_identification:_identify(src/simulation_env) by extensions ['ignore', 'ignore_ament_install']
[0.343s] Level 1:colcon.colcon_core.package_identification:_identify(src/simulation_env) by extension 'ignore'
[0.343s] Level 1:colcon.colcon_core.package_identification:_identify(src/simulation_env) by extension 'ignore_ament_install'
[0.343s] Level 1:colcon.colcon_core.package_identification:_identify(src/simulation_env) by extensions ['colcon_pkg']
[0.343s] Level 1:colcon.colcon_core.package_identification:_identify(src/simulation_env) by extension 'colcon_pkg'
[0.343s] Level 1:colcon.colcon_core.package_identification:_identify(src/simulation_env) by extensions ['colcon_meta']
[0.343s] Level 1:colcon.colcon_core.package_identification:_identify(src/simulation_env) by extension 'colcon_meta'
[0.343s] Level 1:colcon.colcon_core.package_identification:_identify(src/simulation_env) by extensions ['ros']
[0.343s] Level 1:colcon.colcon_core.package_identification:_identify(src/simulation_env) by extension 'ros'
[0.344s] DEBUG:colcon.colcon_core.package_identification:Package 'src/simulation_env' with type 'ros.ament_cmake' and name 'simulation_env'
[0.344s] Level 1:colcon.colcon_core.package_discovery:discover_packages(recursive) using defaults
[0.344s] Level 1:colcon.colcon_core.package_discovery:discover_packages(ignore) discover
[0.344s] Level 1:colcon.colcon_core.package_discovery:discover_packages(ignore) using defaults
[0.344s] Level 1:colcon.colcon_core.package_discovery:discover_packages(path) discover
[0.344s] Level 1:colcon.colcon_core.package_discovery:discover_packages(path) using defaults
[0.367s] Level 5:colcon.colcon_core.verb:set package 'keyboard_joy' build argument 'cmake_args' from command line to 'None'
[0.367s] Level 5:colcon.colcon_core.verb:set package 'keyboard_joy' build argument 'cmake_target' from command line to 'None'
[0.367s] Level 5:colcon.colcon_core.verb:set package 'keyboard_joy' build argument 'cmake_target_skip_unavailable' from command line to 'False'
[0.367s] Level 5:colcon.colcon_core.verb:set package 'keyboard_joy' build argument 'cmake_clean_cache' from command line to 'False'
[0.367s] Level 5:colcon.colcon_core.verb:set package 'keyboard_joy' build argument 'cmake_clean_first' from command line to 'False'
[0.367s] Level 5:colcon.colcon_core.verb:set package 'keyboard_joy' build argument 'cmake_force_configure' from command line to 'False'
[0.367s] Level 5:colcon.colcon_core.verb:set package 'keyboard_joy' build argument 'ament_cmake_args' from command line to 'None'
[0.367s] Level 5:colcon.colcon_core.verb:set package 'keyboard_joy' build argument 'catkin_cmake_args' from command line to 'None'
[0.367s] Level 5:colcon.colcon_core.verb:set package 'keyboard_joy' build argument 'catkin_skip_building_tests' from command line to 'False'
[0.367s] DEBUG:colcon.colcon_core.verb:Building package 'keyboard_joy' with the following arguments: {'ament_cmake_args': None, 'build_base': '/home/hibiki/Robomech/Robo-MECS_exercise/001_robot_system/015_ros/omni_simulation/build/keyboard_joy', 'catkin_cmake_args': None, 'catkin_skip_building_tests': False, 'cmake_args': None, 'cmake_clean_cache': False, 'cmake_clean_first': False, 'cmake_force_configure': False, 'cmake_target': None, 'cmake_target_skip_unavailable': False, 'install_base': '/home/hibiki/Robomech/Robo-MECS_exercise/001_robot_system/015_ros/omni_simulation/install/keyboard_joy', 'merge_install': False, 'path': '/home/hibiki/Robomech/Robo-MECS_exercise/001_robot_system/015_ros/omni_simulation/src/keyboard_joy', 'symlink_install': False, 'test_result_base': None}
[0.367s] Level 5:colcon.colcon_core.verb:set package 'omni_ctl' build argument 'cmake_args' from command line to 'None'
[0.367s] Level 5:colcon.colcon_core.verb:set package 'omni_ctl' build argument 'cmake_target' from command line to 'None'
[0.367s] Level 5:colcon.colcon_core.verb:set package 'omni_ctl' build argument 'cmake_target_skip_unavailable' from command line to 'False'
[0.367s] Level 5:colcon.colcon_core.verb:set package 'omni_ctl' build argument 'cmake_clean_cache' from command line to 'False'
[0.367s] Level 5:colcon.colcon_core.verb:set package 'omni_ctl' build argument 'cmake_clean_first' from command line to 'False'
[0.367s] Level 5:colcon.colcon_core.verb:set package 'omni_ctl' build argument 'cmake_force_configure' from command line to 'False'
[0.367s] Level 5:colcon.colcon_core.verb:set package 'omni_ctl' build argument 'ament_cmake_args' from command line to 'None'
[0.367s] Level 5:colcon.colcon_core.verb:set package 'omni_ctl' build argument 'catkin_cmake_args' from command line to 'None'
[0.367s] Level 5:colcon.colcon_core.verb:set package 'omni_ctl' build argument 'catkin_skip_building_tests' from command line to 'False'
[0.367s] DEBUG:colcon.colcon_core.verb:Building package 'omni_ctl' with the following arguments: {'ament_cmake_args': None, 'build_base': '/home/hibiki/Robomech/Robo-MECS_exercise/001_robot_system/015_ros/omni_simulation/build/omni_ctl', 'catkin_cmake_args': None, 'catkin_skip_building_tests': False, 'cmake_args': None, 'cmake_clean_cache': False, 'cmake_clean_first': False, 'cmake_force_configure': False, 'cmake_target': None, 'cmake_target_skip_unavailable': False, 'install_base': '/home/hibiki/Robomech/Robo-MECS_exercise/001_robot_system/015_ros/omni_simulation/install/omni_ctl', 'merge_install': False, 'path': '/home/hibiki/Robomech/Robo-MECS_exercise/001_robot_system/015_ros/omni_simulation/src/omni_ctl', 'symlink_install': False, 'test_result_base': None}
[0.368s] Level 5:colcon.colcon_core.verb:set package 'simulation_env' build argument 'cmake_args' from command line to 'None'
[0.368s] Level 5:colcon.colcon_core.verb:set package 'simulation_env' build argument 'cmake_target' from command line to 'None'
[0.368s] Level 5:colcon.colcon_core.verb:set package 'simulation_env' build argument 'cmake_target_skip_unavailable' from command line to 'False'
[0.368s] Level 5:colcon.colcon_core.verb:set package 'simulation_env' build argument 'cmake_clean_cache' from command line to 'False'
[0.368s] Level 5:colcon.colcon_core.verb:set package 'simulation_env' build argument 'cmake_clean_first' from command line to 'False'
[0.368s] Level 5:colcon.colcon_core.verb:set package 'simulation_env' build argument 'cmake_force_configure' from command line to 'False'
[0.368s] Level 5:colcon.colcon_core.verb:set package 'simulation_env' build argument 'ament_cmake_args' from command line to 'None'
[0.368s] Level 5:colcon.colcon_core.verb:set package 'simulation_env' build argument 'catkin_cmake_args' from command line to 'None'
[0.368s] Level 5:colcon.colcon_core.verb:set package 'simulation_env' build argument 'catkin_skip_building_tests' from command line to 'False'
[0.368s] DEBUG:colcon.colcon_core.verb:Building package 'simulation_env' with the following arguments: {'ament_cmake_args': None, 'build_base': '/home/hibiki/Robomech/Robo-MECS_exercise/001_robot_system/015_ros/omni_simulation/build/simulation_env', 'catkin_cmake_args': None, 'catkin_skip_building_tests': False, 'cmake_args': None, 'cmake_clean_cache': False, 'cmake_clean_first': False, 'cmake_force_configure': False, 'cmake_target': None, 'cmake_target_skip_unavailable': False, 'install_base': '/home/hibiki/Robomech/Robo-MECS_exercise/001_robot_system/015_ros/omni_simulation/install/simulation_env', 'merge_install': False, 'path': '/home/hibiki/Robomech/Robo-MECS_exercise/001_robot_system/015_ros/omni_simulation/src/simulation_env', 'symlink_install': False, 'test_result_base': None}
[0.368s] INFO:colcon.colcon_core.executor:Executing jobs using 'parallel' executor
[0.368s] DEBUG:colcon.colcon_parallel_executor.executor.parallel:run_until_complete
[0.369s] INFO:colcon.colcon_ros.task.ament_python.build:Building ROS package in '/home/hibiki/Robomech/Robo-MECS_exercise/001_robot_system/015_ros/omni_simulation/src/keyboard_joy' with build type 'ament_python'
[0.369s] Level 1:colcon.colcon_core.shell:create_environment_hook('keyboard_joy', 'ament_prefix_path')
[0.373s] INFO:colcon.colcon_core.plugin_system:Skipping extension 'colcon_core.shell.bat': Not used on non-Windows systems
[0.374s] INFO:colcon.colcon_core.shell:Creating environment hook '/home/hibiki/Robomech/Robo-MECS_exercise/001_robot_system/015_ros/omni_simulation/install/keyboard_joy/share/keyboard_joy/hook/ament_prefix_path.ps1'
[0.374s] INFO:colcon.colcon_core.shell:Creating environment descriptor '/home/hibiki/Robomech/Robo-MECS_exercise/001_robot_system/015_ros/omni_simulation/install/keyboard_joy/share/keyboard_joy/hook/ament_prefix_path.dsv'
[0.375s] INFO:colcon.colcon_core.shell:Creating environment hook '/home/hibiki/Robomech/Robo-MECS_exercise/001_robot_system/015_ros/omni_simulation/install/keyboard_joy/share/keyboard_joy/hook/ament_prefix_path.sh'
[0.375s] INFO:colcon.colcon_core.shell:Skip shell extension 'powershell' for command environment: Not usable outside of PowerShell
[0.375s] DEBUG:colcon.colcon_core.shell:Skip shell extension 'dsv' for command environment
[0.382s] INFO:colcon.colcon_ros.task.ament_cmake.build:Building ROS package in '/home/hibiki/Robomech/Robo-MECS_exercise/001_robot_system/015_ros/omni_simulation/src/omni_ctl' with build type 'ament_cmake'
[0.382s] INFO:colcon.colcon_cmake.task.cmake.build:Building CMake package in '/home/hibiki/Robomech/Robo-MECS_exercise/001_robot_system/015_ros/omni_simulation/src/omni_ctl'
[0.382s] INFO:colcon.colcon_core.shell:Skip shell extension 'powershell' for command environment: Not usable outside of PowerShell
[0.382s] DEBUG:colcon.colcon_core.shell:Skip shell extension 'dsv' for command environment
[0.385s] INFO:colcon.colcon_ros.task.ament_cmake.build:Building ROS package in '/home/hibiki/Robomech/Robo-MECS_exercise/001_robot_system/015_ros/omni_simulation/src/simulation_env' with build type 'ament_cmake'
[0.385s] INFO:colcon.colcon_cmake.task.cmake.build:Building CMake package in '/home/hibiki/Robomech/Robo-MECS_exercise/001_robot_system/015_ros/omni_simulation/src/simulation_env'
[0.385s] INFO:colcon.colcon_core.shell:Skip shell extension 'powershell' for command environment: Not usable outside of PowerShell
[0.385s] DEBUG:colcon.colcon_core.shell:Skip shell extension 'dsv' for command environment
[0.498s] INFO:colcon.colcon_core.task.python.build:Building Python package in '/home/hibiki/Robomech/Robo-MECS_exercise/001_robot_system/015_ros/omni_simulation/src/keyboard_joy'
[0.499s] INFO:colcon.colcon_core.shell:Skip shell extension 'powershell' for command environment: Not usable outside of PowerShell
[0.499s] DEBUG:colcon.colcon_core.shell:Skip shell extension 'dsv' for command environment
[0.503s] DEBUG:colcon.colcon_core.event_handler.log_command:Invoking command in '/home/hibiki/Robomech/Robo-MECS_exercise/001_robot_system/015_ros/omni_simulation/build/omni_ctl': CMAKE_PREFIX_PATH=/opt/ros/humble /usr/bin/cmake /home/hibiki/Robomech/Robo-MECS_exercise/001_robot_system/015_ros/omni_simulation/src/omni_ctl -DCMAKE_INSTALL_PREFIX=/home/hibiki/Robomech/Robo-MECS_exercise/001_robot_system/015_ros/omni_simulation/install/omni_ctl
[0.509s] DEBUG:colcon.colcon_core.event_handler.log_command:Invoking command in '/home/hibiki/Robomech/Robo-MECS_exercise/001_robot_system/015_ros/omni_simulation/build/simulation_env': CMAKE_PREFIX_PATH=/opt/ros/humble /usr/bin/cmake /home/hibiki/Robomech/Robo-MECS_exercise/001_robot_system/015_ros/omni_simulation/src/simulation_env -DCMAKE_INSTALL_PREFIX=/home/hibiki/Robomech/Robo-MECS_exercise/001_robot_system/015_ros/omni_simulation/install/simulation_env
[1.109s] DEBUG:colcon.colcon_core.event_handler.log_command:Invoking command in '/home/hibiki/Robomech/Robo-MECS_exercise/001_robot_system/015_ros/omni_simulation/src/keyboard_joy': PYTHONPATH=/home/hibiki/Robomech/Robo-MECS_exercise/001_robot_system/015_ros/omni_simulation/build/keyboard_joy/prefix_override:/home/hibiki/Robomech/Robo-MECS_exercise/001_robot_system/015_ros/omni_simulation/install/keyboard_joy/lib/python3.10/site-packages:${PYTHONPATH} /home/hibiki/.espressif/python_env/idf5.4_py3.10_env/bin/python -W ignore:setup.py install is deprecated setup.py egg_info --egg-base ../../build/keyboard_joy build --build-base /home/hibiki/Robomech/Robo-MECS_exercise/001_robot_system/015_ros/omni_simulation/build/keyboard_joy/build install --record /home/hibiki/Robomech/Robo-MECS_exercise/001_robot_system/015_ros/omni_simulation/build/keyboard_joy/install.log --single-version-externally-managed install_data
[1.351s] DEBUG:colcon.colcon_core.event_handler.log_command:Invoked command in '/home/hibiki/Robomech/Robo-MECS_exercise/001_robot_system/015_ros/omni_simulation/src/keyboard_joy' returned '0': PYTHONPATH=/home/hibiki/Robomech/Robo-MECS_exercise/001_robot_system/015_ros/omni_simulation/build/keyboard_joy/prefix_override:/home/hibiki/Robomech/Robo-MECS_exercise/001_robot_system/015_ros/omni_simulation/install/keyboard_joy/lib/python3.10/site-packages:${PYTHONPATH} /home/hibiki/.espressif/python_env/idf5.4_py3.10_env/bin/python -W ignore:setup.py install is deprecated setup.py egg_info --egg-base ../../build/keyboard_joy build --build-base /home/hibiki/Robomech/Robo-MECS_exercise/001_robot_system/015_ros/omni_simulation/build/keyboard_joy/build install --record /home/hibiki/Robomech/Robo-MECS_exercise/001_robot_system/015_ros/omni_simulation/build/keyboard_joy/install.log --single-version-externally-managed install_data
[1.366s] Level 1:colcon.colcon_core.environment:checking '/home/hibiki/Robomech/Robo-MECS_exercise/001_robot_system/015_ros/omni_simulation/install/keyboard_joy' for CMake module files
[1.366s] Level 1:colcon.colcon_core.environment:checking '/home/hibiki/Robomech/Robo-MECS_exercise/001_robot_system/015_ros/omni_simulation/install/keyboard_joy' for CMake config files
[1.366s] Level 1:colcon.colcon_core.environment:checking '/home/hibiki/Robomech/Robo-MECS_exercise/001_robot_system/015_ros/omni_simulation/install/keyboard_joy/lib'
[1.367s] Level 1:colcon.colcon_core.environment:checking '/home/hibiki/Robomech/Robo-MECS_exercise/001_robot_system/015_ros/omni_simulation/install/keyboard_joy/bin'
[1.367s] Level 1:colcon.colcon_core.environment:checking '/home/hibiki/Robomech/Robo-MECS_exercise/001_robot_system/015_ros/omni_simulation/install/keyboard_joy/lib/pkgconfig/keyboard_joy.pc'
[1.367s] Level 1:colcon.colcon_core.environment:checking '/home/hibiki/Robomech/Robo-MECS_exercise/001_robot_system/015_ros/omni_simulation/install/keyboard_joy/lib/python3.10/site-packages'
[1.367s] Level 1:colcon.colcon_core.shell:create_environment_hook('keyboard_joy', 'pythonpath')
[1.367s] INFO:colcon.colcon_core.shell:Creating environment hook '/home/hibiki/Robomech/Robo-MECS_exercise/001_robot_system/015_ros/omni_simulation/install/keyboard_joy/share/keyboard_joy/hook/pythonpath.ps1'
[1.368s] INFO:colcon.colcon_core.shell:Creating environment descriptor '/home/hibiki/Robomech/Robo-MECS_exercise/001_robot_system/015_ros/omni_simulation/install/keyboard_joy/share/keyboard_joy/hook/pythonpath.dsv'
[1.368s] INFO:colcon.colcon_core.shell:Creating environment hook '/home/hibiki/Robomech/Robo-MECS_exercise/001_robot_system/015_ros/omni_simulation/install/keyboard_joy/share/keyboard_joy/hook/pythonpath.sh'
[1.368s] Level 1:colcon.colcon_core.environment:checking '/home/hibiki/Robomech/Robo-MECS_exercise/001_robot_system/015_ros/omni_simulation/install/keyboard_joy/bin'
[1.368s] Level 1:colcon.colcon_core.environment:create_environment_scripts_only(keyboard_joy)
[1.369s] INFO:colcon.colcon_core.shell:Creating package script '/home/hibiki/Robomech/Robo-MECS_exercise/001_robot_system/015_ros/omni_simulation/install/keyboard_joy/share/keyboard_joy/package.ps1'
[1.370s] INFO:colcon.colcon_core.shell:Creating package descriptor '/home/hibiki/Robomech/Robo-MECS_exercise/001_robot_system/015_ros/omni_simulation/install/keyboard_joy/share/keyboard_joy/package.dsv'
[1.371s] INFO:colcon.colcon_core.shell:Creating package script '/home/hibiki/Robomech/Robo-MECS_exercise/001_robot_system/015_ros/omni_simulation/install/keyboard_joy/share/keyboard_joy/package.sh'
[1.372s] INFO:colcon.colcon_core.shell:Creating package script '/home/hibiki/Robomech/Robo-MECS_exercise/001_robot_system/015_ros/omni_simulation/install/keyboard_joy/share/keyboard_joy/package.bash'
[1.373s] INFO:colcon.colcon_core.shell:Creating package script '/home/hibiki/Robomech/Robo-MECS_exercise/001_robot_system/015_ros/omni_simulation/install/keyboard_joy/share/keyboard_joy/package.zsh'
[1.375s] Level 1:colcon.colcon_core.environment:create_file_with_runtime_dependencies(/home/hibiki/Robomech/Robo-MECS_exercise/001_robot_system/015_ros/omni_simulation/install/keyboard_joy/share/colcon-core/packages/keyboard_joy)
[1.493s] DEBUG:colcon.colcon_core.event_handler.log_command:Invoked command in '/home/hibiki/Robomech/Robo-MECS_exercise/001_robot_system/015_ros/omni_simulation/build/omni_ctl' returned '0': CMAKE_PREFIX_PATH=/opt/ros/humble /usr/bin/cmake /home/hibiki/Robomech/Robo-MECS_exercise/001_robot_system/015_ros/omni_simulation/src/omni_ctl -DCMAKE_INSTALL_PREFIX=/home/hibiki/Robomech/Robo-MECS_exercise/001_robot_system/015_ros/omni_simulation/install/omni_ctl
[1.493s] DEBUG:colcon.colcon_core.event_handler.log_command:Invoking command in '/home/hibiki/Robomech/Robo-MECS_exercise/001_robot_system/015_ros/omni_simulation/build/omni_ctl': CMAKE_PREFIX_PATH=/opt/ros/humble /usr/bin/cmake --build /home/hibiki/Robomech/Robo-MECS_exercise/001_robot_system/015_ros/omni_simulation/build/omni_ctl -- -j16 -l16
[1.507s] DEBUG:colcon.colcon_core.event_handler.log_command:Invoked command in '/home/hibiki/Robomech/Robo-MECS_exercise/001_robot_system/015_ros/omni_simulation/build/omni_ctl' returned '0': CMAKE_PREFIX_PATH=/opt/ros/humble /usr/bin/cmake --build /home/hibiki/Robomech/Robo-MECS_exercise/001_robot_system/015_ros/omni_simulation/build/omni_ctl -- -j16 -l16
[1.524s] DEBUG:colcon.colcon_core.event_handler.log_command:Invoking command in '/home/hibiki/Robomech/Robo-MECS_exercise/001_robot_system/015_ros/omni_simulation/build/omni_ctl': CMAKE_PREFIX_PATH=/opt/ros/humble /usr/bin/cmake --install /home/hibiki/Robomech/Robo-MECS_exercise/001_robot_system/015_ros/omni_simulation/build/omni_ctl
[1.527s] Level 1:colcon.colcon_core.environment:create_environment_scripts_only(omni_ctl)
[1.528s] Level 1:colcon.colcon_core.environment:checking '/home/hibiki/Robomech/Robo-MECS_exercise/001_robot_system/015_ros/omni_simulation/install/omni_ctl' for CMake module files
[1.528s] DEBUG:colcon.colcon_core.event_handler.log_command:Invoked command in '/home/hibiki/Robomech/Robo-MECS_exercise/001_robot_system/015_ros/omni_simulation/build/omni_ctl' returned '0': CMAKE_PREFIX_PATH=/opt/ros/humble /usr/bin/cmake --install /home/hibiki/Robomech/Robo-MECS_exercise/001_robot_system/015_ros/omni_simulation/build/omni_ctl
[1.528s] Level 1:colcon.colcon_core.environment:checking '/home/hibiki/Robomech/Robo-MECS_exercise/001_robot_system/015_ros/omni_simulation/install/omni_ctl' for CMake config files
[1.528s] Level 1:colcon.colcon_core.shell:create_environment_hook('omni_ctl', 'cmake_prefix_path')
[1.529s] INFO:colcon.colcon_core.shell:Creating environment hook '/home/hibiki/Robomech/Robo-MECS_exercise/001_robot_system/015_ros/omni_simulation/install/omni_ctl/share/omni_ctl/hook/cmake_prefix_path.ps1'
[1.529s] INFO:colcon.colcon_core.shell:Creating environment descriptor '/home/hibiki/Robomech/Robo-MECS_exercise/001_robot_system/015_ros/omni_simulation/install/omni_ctl/share/omni_ctl/hook/cmake_prefix_path.dsv'
[1.529s] INFO:colcon.colcon_core.shell:Creating environment hook '/home/hibiki/Robomech/Robo-MECS_exercise/001_robot_system/015_ros/omni_simulation/install/omni_ctl/share/omni_ctl/hook/cmake_prefix_path.sh'
[1.530s] Level 1:colcon.colcon_core.environment:checking '/home/hibiki/Robomech/Robo-MECS_exercise/001_robot_system/015_ros/omni_simulation/install/omni_ctl/bin'
[1.530s] Level 1:colcon.colcon_core.environment:checking '/home/hibiki/Robomech/Robo-MECS_exercise/001_robot_system/015_ros/omni_simulation/install/omni_ctl/lib/pkgconfig/omni_ctl.pc'
[1.530s] Level 1:colcon.colcon_core.environment:checking '/home/hibiki/Robomech/Robo-MECS_exercise/001_robot_system/015_ros/omni_simulation/install/omni_ctl/lib/python3.10/site-packages'
[1.530s] Level 1:colcon.colcon_core.environment:checking '/home/hibiki/Robomech/Robo-MECS_exercise/001_robot_system/015_ros/omni_simulation/install/omni_ctl/bin'
[1.531s] INFO:colcon.colcon_core.shell:Creating package script '/home/hibiki/Robomech/Robo-MECS_exercise/001_robot_system/015_ros/omni_simulation/install/omni_ctl/share/omni_ctl/package.ps1'
[1.531s] INFO:colcon.colcon_core.shell:Creating package descriptor '/home/hibiki/Robomech/Robo-MECS_exercise/001_robot_system/015_ros/omni_simulation/install/omni_ctl/share/omni_ctl/package.dsv'
[1.531s] INFO:colcon.colcon_core.shell:Creating package script '/home/hibiki/Robomech/Robo-MECS_exercise/001_robot_system/015_ros/omni_simulation/install/omni_ctl/share/omni_ctl/package.sh'
[1.532s] INFO:colcon.colcon_core.shell:Creating package script '/home/hibiki/Robomech/Robo-MECS_exercise/001_robot_system/015_ros/omni_simulation/install/omni_ctl/share/omni_ctl/package.bash'
[1.532s] INFO:colcon.colcon_core.shell:Creating package script '/home/hibiki/Robomech/Robo-MECS_exercise/001_robot_system/015_ros/omni_simulation/install/omni_ctl/share/omni_ctl/package.zsh'
[1.532s] Level 1:colcon.colcon_core.environment:create_file_with_runtime_dependencies(/home/hibiki/Robomech/Robo-MECS_exercise/001_robot_system/015_ros/omni_simulation/install/omni_ctl/share/colcon-core/packages/omni_ctl)
[1.533s] DEBUG:colcon.colcon_core.event_handler.log_command:Invoked command in '/home/hibiki/Robomech/Robo-MECS_exercise/001_robot_system/015_ros/omni_simulation/build/simulation_env' returned '0': CMAKE_PREFIX_PATH=/opt/ros/humble /usr/bin/cmake /home/hibiki/Robomech/Robo-MECS_exercise/001_robot_system/015_ros/omni_simulation/src/simulation_env -DCMAKE_INSTALL_PREFIX=/home/hibiki/Robomech/Robo-MECS_exercise/001_robot_system/015_ros/omni_simulation/install/simulation_env
[1.535s] DEBUG:colcon.colcon_core.event_handler.log_command:Invoking command in '/home/hibiki/Robomech/Robo-MECS_exercise/001_robot_system/015_ros/omni_simulation/build/simulation_env': CMAKE_PREFIX_PATH=/opt/ros/humble /usr/bin/cmake --build /home/hibiki/Robomech/Robo-MECS_exercise/001_robot_system/015_ros/omni_simulation/build/simulation_env -- -j16 -l16
[1.545s] Level 1:colcon.colcon_core.environment:create_environment_scripts_only(omni_ctl)
[1.545s] Level 1:colcon.colcon_core.environment:checking '/home/hibiki/Robomech/Robo-MECS_exercise/001_robot_system/015_ros/omni_simulation/install/omni_ctl' for CMake module files
[1.545s] Level 1:colcon.colcon_core.environment:checking '/home/hibiki/Robomech/Robo-MECS_exercise/001_robot_system/015_ros/omni_simulation/install/omni_ctl' for CMake config files
[1.545s] Level 1:colcon.colcon_core.shell:create_environment_hook('omni_ctl', 'cmake_prefix_path')
[1.546s] INFO:colcon.colcon_core.shell:Creating environment hook '/home/hibiki/Robomech/Robo-MECS_exercise/001_robot_system/015_ros/omni_simulation/install/omni_ctl/share/omni_ctl/hook/cmake_prefix_path.ps1'
[1.546s] INFO:colcon.colcon_core.shell:Creating environment descriptor '/home/hibiki/Robomech/Robo-MECS_exercise/001_robot_system/015_ros/omni_simulation/install/omni_ctl/share/omni_ctl/hook/cmake_prefix_path.dsv'
[1.546s] INFO:colcon.colcon_core.shell:Creating environment hook '/home/hibiki/Robomech/Robo-MECS_exercise/001_robot_system/015_ros/omni_simulation/install/omni_ctl/share/omni_ctl/hook/cmake_prefix_path.sh'
[1.547s] Level 1:colcon.colcon_core.environment:checking '/home/hibiki/Robomech/Robo-MECS_exercise/001_robot_system/015_ros/omni_simulation/install/omni_ctl/bin'
[1.547s] Level 1:colcon.colcon_core.environment:checking '/home/hibiki/Robomech/Robo-MECS_exercise/001_robot_system/015_ros/omni_simulation/install/omni_ctl/lib/pkgconfig/omni_ctl.pc'
[1.547s] Level 1:colcon.colcon_core.environment:checking '/home/hibiki/Robomech/Robo-MECS_exercise/001_robot_system/015_ros/omni_simulation/install/omni_ctl/lib/python3.10/site-packages'
[1.547s] Level 1:colcon.colcon_core.environment:checking '/home/hibiki/Robomech/Robo-MECS_exercise/001_robot_system/015_ros/omni_simulation/install/omni_ctl/bin'
[1.547s] INFO:colcon.colcon_core.shell:Creating package script '/home/hibiki/Robomech/Robo-MECS_exercise/001_robot_system/015_ros/omni_simulation/install/omni_ctl/share/omni_ctl/package.ps1'
[1.548s] INFO:colcon.colcon_core.shell:Creating package descriptor '/home/hibiki/Robomech/Robo-MECS_exercise/001_robot_system/015_ros/omni_simulation/install/omni_ctl/share/omni_ctl/package.dsv'
[1.548s] INFO:colcon.colcon_core.shell:Creating package script '/home/hibiki/Robomech/Robo-MECS_exercise/001_robot_system/015_ros/omni_simulation/install/omni_ctl/share/omni_ctl/package.sh'
[1.548s] INFO:colcon.colcon_core.shell:Creating package script '/home/hibiki/Robomech/Robo-MECS_exercise/001_robot_system/015_ros/omni_simulation/install/omni_ctl/share/omni_ctl/package.bash'
[1.548s] INFO:colcon.colcon_core.shell:Creating package script '/home/hibiki/Robomech/Robo-MECS_exercise/001_robot_system/015_ros/omni_simulation/install/omni_ctl/share/omni_ctl/package.zsh'
[1.548s] Level 1:colcon.colcon_core.environment:create_file_with_runtime_dependencies(/home/hibiki/Robomech/Robo-MECS_exercise/001_robot_system/015_ros/omni_simulation/install/omni_ctl/share/colcon-core/packages/omni_ctl)
[8.348s] DEBUG:colcon.colcon_core.event_handler.log_command:Invoked command in '/home/hibiki/Robomech/Robo-MECS_exercise/001_robot_system/015_ros/omni_simulation/build/simulation_env' returned '0': CMAKE_PREFIX_PATH=/opt/ros/humble /usr/bin/cmake --build /home/hibiki/Robomech/Robo-MECS_exercise/001_robot_system/015_ros/omni_simulation/build/simulation_env -- -j16 -l16
[8.368s] DEBUG:colcon.colcon_core.event_handler.log_command:Invoking command in '/home/hibiki/Robomech/Robo-MECS_exercise/001_robot_system/015_ros/omni_simulation/build/simulation_env': CMAKE_PREFIX_PATH=/opt/ros/humble /usr/bin/cmake --install /home/hibiki/Robomech/Robo-MECS_exercise/001_robot_system/015_ros/omni_simulation/build/simulation_env
[8.692s] Level 1:colcon.colcon_core.environment:create_environment_scripts_only(simulation_env)
[8.693s] DEBUG:colcon.colcon_core.event_handler.log_command:Invoked command in '/home/hibiki/Robomech/Robo-MECS_exercise/001_robot_system/015_ros/omni_simulation/build/simulation_env' returned '0': CMAKE_PREFIX_PATH=/opt/ros/humble /usr/bin/cmake --install /home/hibiki/Robomech/Robo-MECS_exercise/001_robot_system/015_ros/omni_simulation/build/simulation_env
[8.693s] Level 1:colcon.colcon_core.environment:checking '/home/hibiki/Robomech/Robo-MECS_exercise/001_robot_system/015_ros/omni_simulation/install/simulation_env' for CMake module files
[8.694s] Level 1:colcon.colcon_core.environment:checking '/home/hibiki/Robomech/Robo-MECS_exercise/001_robot_system/015_ros/omni_simulation/install/simulation_env' for CMake config files
[8.694s] Level 1:colcon.colcon_core.shell:create_environment_hook('simulation_env', 'cmake_prefix_path')
[8.695s] INFO:colcon.colcon_core.shell:Creating environment hook '/home/hibiki/Robomech/Robo-MECS_exercise/001_robot_system/015_ros/omni_simulation/install/simulation_env/share/simulation_env/hook/cmake_prefix_path.ps1'
[8.695s] INFO:colcon.colcon_core.shell:Creating environment descriptor '/home/hibiki/Robomech/Robo-MECS_exercise/001_robot_system/015_ros/omni_simulation/install/simulation_env/share/simulation_env/hook/cmake_prefix_path.dsv'
[8.696s] INFO:colcon.colcon_core.shell:Creating environment hook '/home/hibiki/Robomech/Robo-MECS_exercise/001_robot_system/015_ros/omni_simulation/install/simulation_env/share/simulation_env/hook/cmake_prefix_path.sh'
[8.696s] Level 1:colcon.colcon_core.environment:checking '/home/hibiki/Robomech/Robo-MECS_exercise/001_robot_system/015_ros/omni_simulation/install/simulation_env/lib'
[8.696s] Level 1:colcon.colcon_core.environment:checking '/home/hibiki/Robomech/Robo-MECS_exercise/001_robot_system/015_ros/omni_simulation/install/simulation_env/bin'
[8.696s] Level 1:colcon.colcon_core.environment:checking '/home/hibiki/Robomech/Robo-MECS_exercise/001_robot_system/015_ros/omni_simulation/install/simulation_env/lib/pkgconfig/simulation_env.pc'
[8.697s] Level 1:colcon.colcon_core.environment:checking '/home/hibiki/Robomech/Robo-MECS_exercise/001_robot_system/015_ros/omni_simulation/install/simulation_env/lib/python3.10/site-packages'
[8.697s] Level 1:colcon.colcon_core.environment:checking '/home/hibiki/Robomech/Robo-MECS_exercise/001_robot_system/015_ros/omni_simulation/install/simulation_env/bin'
[8.697s] INFO:colcon.colcon_core.shell:Creating package script '/home/hibiki/Robomech/Robo-MECS_exercise/001_robot_system/015_ros/omni_simulation/install/simulation_env/share/simulation_env/package.ps1'
[8.698s] INFO:colcon.colcon_core.shell:Creating package descriptor '/home/hibiki/Robomech/Robo-MECS_exercise/001_robot_system/015_ros/omni_simulation/install/simulation_env/share/simulation_env/package.dsv'
[8.698s] INFO:colcon.colcon_core.shell:Creating package script '/home/hibiki/Robomech/Robo-MECS_exercise/001_robot_system/015_ros/omni_simulation/install/simulation_env/share/simulation_env/package.sh'
[8.698s] INFO:colcon.colcon_core.shell:Creating package script '/home/hibiki/Robomech/Robo-MECS_exercise/001_robot_system/015_ros/omni_simulation/install/simulation_env/share/simulation_env/package.bash'
[8.699s] INFO:colcon.colcon_core.shell:Creating package script '/home/hibiki/Robomech/Robo-MECS_exercise/001_robot_system/015_ros/omni_simulation/install/simulation_env/share/simulation_env/package.zsh'
[8.699s] Level 1:colcon.colcon_core.environment:create_file_with_runtime_dependencies(/home/hibiki/Robomech/Robo-MECS_exercise/001_robot_system/015_ros/omni_simulation/install/simulation_env/share/colcon-core/packages/simulation_env)
[8.721s] Level 1:colcon.colcon_core.environment:create_environment_scripts_only(simulation_env)
[8.721s] Level 1:colcon.colcon_core.environment:checking '/home/hibiki/Robomech/Robo-MECS_exercise/001_robot_system/015_ros/omni_simulation/install/simulation_env' for CMake module files
[8.721s] Level 1:colcon.colcon_core.environment:checking '/home/hibiki/Robomech/Robo-MECS_exercise/001_robot_system/015_ros/omni_simulation/install/simulation_env' for CMake config files
[8.722s] Level 1:colcon.colcon_core.shell:create_environment_hook('simulation_env', 'cmake_prefix_path')
[8.722s] INFO:colcon.colcon_core.shell:Creating environment hook '/home/hibiki/Robomech/Robo-MECS_exercise/001_robot_system/015_ros/omni_simulation/install/simulation_env/share/simulation_env/hook/cmake_prefix_path.ps1'
[8.722s] INFO:colcon.colcon_core.shell:Creating environment descriptor '/home/hibiki/Robomech/Robo-MECS_exercise/001_robot_system/015_ros/omni_simulation/install/simulation_env/share/simulation_env/hook/cmake_prefix_path.dsv'
[8.723s] INFO:colcon.colcon_core.shell:Creating environment hook '/home/hibiki/Robomech/Robo-MECS_exercise/001_robot_system/015_ros/omni_simulation/install/simulation_env/share/simulation_env/hook/cmake_prefix_path.sh'
[8.723s] Level 1:colcon.colcon_core.environment:checking '/home/hibiki/Robomech/Robo-MECS_exercise/001_robot_system/015_ros/omni_simulation/install/simulation_env/lib'
[8.723s] Level 1:colcon.colcon_core.environment:checking '/home/hibiki/Robomech/Robo-MECS_exercise/001_robot_system/015_ros/omni_simulation/install/simulation_env/bin'
[8.723s] Level 1:colcon.colcon_core.environment:checking '/home/hibiki/Robomech/Robo-MECS_exercise/001_robot_system/015_ros/omni_simulation/install/simulation_env/lib/pkgconfig/simulation_env.pc'
[8.724s] Level 1:colcon.colcon_core.environment:checking '/home/hibiki/Robomech/Robo-MECS_exercise/001_robot_system/015_ros/omni_simulation/install/simulation_env/lib/python3.10/site-packages'
[8.724s] Level 1:colcon.colcon_core.environment:checking '/home/hibiki/Robomech/Robo-MECS_exercise/001_robot_system/015_ros/omni_simulation/install/simulation_env/bin'
[8.724s] INFO:colcon.colcon_core.shell:Creating package script '/home/hibiki/Robomech/Robo-MECS_exercise/001_robot_system/015_ros/omni_simulation/install/simulation_env/share/simulation_env/package.ps1'
[8.725s] INFO:colcon.colcon_core.shell:Creating package descriptor '/home/hibiki/Robomech/Robo-MECS_exercise/001_robot_system/015_ros/omni_simulation/install/simulation_env/share/simulation_env/package.dsv'
[8.725s] INFO:colcon.colcon_core.shell:Creating package script '/home/hibiki/Robomech/Robo-MECS_exercise/001_robot_system/015_ros/omni_simulation/install/simulation_env/share/simulation_env/package.sh'
[8.725s] INFO:colcon.colcon_core.shell:Creating package script '/home/hibiki/Robomech/Robo-MECS_exercise/001_robot_system/015_ros/omni_simulation/install/simulation_env/share/simulation_env/package.bash'
[8.726s] INFO:colcon.colcon_core.shell:Creating package script '/home/hibiki/Robomech/Robo-MECS_exercise/001_robot_system/015_ros/omni_simulation/install/simulation_env/share/simulation_env/package.zsh'
[8.727s] Level 1:colcon.colcon_core.environment:create_file_with_runtime_dependencies(/home/hibiki/Robomech/Robo-MECS_exercise/001_robot_system/015_ros/omni_simulation/install/simulation_env/share/colcon-core/packages/simulation_env)
[8.728s] DEBUG:colcon.colcon_parallel_executor.executor.parallel:closing loop
[8.728s] DEBUG:colcon.colcon_parallel_executor.executor.parallel:loop closed
[8.728s] DEBUG:colcon.colcon_parallel_executor.executor.parallel:run_until_complete finished with '0'
[8.728s] DEBUG:colcon.colcon_core.event_reactor:joining thread
[8.733s] INFO:colcon.colcon_core.plugin_system:Skipping extension 'colcon_notification.desktop_notification.notify2': 'notify2' not found
[8.734s] INFO:colcon.colcon_core.plugin_system:Skipping extension 'colcon_notification.desktop_notification.terminal_notifier': Not used on non-Darwin systems
[8.734s] INFO:colcon.colcon_core.plugin_system:Skipping extension 'colcon_notification.desktop_notification.win32': Not used on non-Windows systems
[8.734s] INFO:colcon.colcon_notification.desktop_notification:Sending desktop notification using 'notify_send'
[8.748s] DEBUG:colcon.colcon_core.event_reactor:joined thread
[8.749s] INFO:colcon.colcon_core.shell:Creating prefix script '/home/hibiki/Robomech/Robo-MECS_exercise/001_robot_system/015_ros/omni_simulation/install/local_setup.ps1'
[8.750s] INFO:colcon.colcon_core.shell:Creating prefix util module '/home/hibiki/Robomech/Robo-MECS_exercise/001_robot_system/015_ros/omni_simulation/install/_local_setup_util_ps1.py'
[8.751s] INFO:colcon.colcon_core.shell:Creating prefix chain script '/home/hibiki/Robomech/Robo-MECS_exercise/001_robot_system/015_ros/omni_simulation/install/setup.ps1'
[8.752s] INFO:colcon.colcon_core.shell:Creating prefix script '/home/hibiki/Robomech/Robo-MECS_exercise/001_robot_system/015_ros/omni_simulation/install/local_setup.sh'
[8.754s] INFO:colcon.colcon_core.shell:Creating prefix util module '/home/hibiki/Robomech/Robo-MECS_exercise/001_robot_system/015_ros/omni_simulation/install/_local_setup_util_sh.py'
[8.754s] INFO:colcon.colcon_core.shell:Creating prefix chain script '/home/hibiki/Robomech/Robo-MECS_exercise/001_robot_system/015_ros/omni_simulation/install/setup.sh'
[8.755s] INFO:colcon.colcon_core.shell:Creating prefix script '/home/hibiki/Robomech/Robo-MECS_exercise/001_robot_system/015_ros/omni_simulation/install/local_setup.bash'
[8.756s] INFO:colcon.colcon_core.shell:Creating prefix chain script '/home/hibiki/Robomech/Robo-MECS_exercise/001_robot_system/015_ros/omni_simulation/install/setup.bash'
[8.757s] INFO:colcon.colcon_core.shell:Creating prefix script '/home/hibiki/Robomech/Robo-MECS_exercise/001_robot_system/015_ros/omni_simulation/install/local_setup.zsh'
[8.757s] INFO:colcon.colcon_core.shell:Creating prefix chain script '/home/hibiki/Robomech/Robo-MECS_exercise/001_robot_system/015_ros/omni_simulation/install/setup.zsh'
